;  LST file generated by mikroListExporter - v.2.0 
; Date/Time: 10/12/2024 21:19:40
;----------------------------------------------

;Address Opcode 	ASM
0x0000	0x2A64      	GOTO       612
_interrupt:
0x0004	0x00FF      	MOVWF      R15
0x0005	0x0E03      	SWAPF      STATUS, 0
0x0006	0x0183      	CLRF       STATUS
0x0007	0x1703      	BSF        STATUS, 6
0x0008	0x00A8      	MOVWF      ___saveSTATUS
0x0009	0x080A      	MOVF       PCLATH, 0
0x000A	0x00A9      	MOVWF      ___savePCLATH
0x000B	0x018A      	CLRF       PCLATH
0x000C	0x0870      	MOVF       R0, 0
0x000D	0x1303      	BCF        STATUS, 6
0x000E	0x00A2      	MOVWF      34
0x000F	0x087C      	MOVF       R12, 0
0x0010	0x00A1      	MOVWF      33
0x0011	0x087D      	MOVF       R13, 0
0x0012	0x00A0      	MOVWF      32
;sys.c,75 :: 		void interrupt() {
;sys.c,76 :: 		Lcd_Init();
0x0013	0x21A0      	CALL       _Lcd_Init
;sys.c,81 :: 		if (INTCON.INTF == 1) {
0x0014	0x1C8B      	BTFSS      INTCON, 1
0x0015	0x2821      	GOTO       L_interrupt0
;sys.c,82 :: 		INTCON.INTF = 0;
0x0016	0x108B      	BCF        INTCON, 1
;sys.c,83 :: 		INTCON.T0IE=1;
0x0017	0x168B      	BSF        INTCON, 5
;sys.c,84 :: 		OPTION_REG.T0CS = 1;
0x0018	0x1683      	BSF        STATUS, 5
0x0019	0x1681      	BSF        OPTION_REG, 5
;sys.c,86 :: 		TMR0 = 254;
0x001A	0x30FE      	MOVLW      254
0x001B	0x1283      	BCF        STATUS, 5
0x001C	0x0081      	MOVWF      TMR0
;sys.c,87 :: 		b=1;
0x001D	0x3001      	MOVLW      1
0x001E	0x00CF      	MOVWF      _b
0x001F	0x3000      	MOVLW      0
0x0020	0x00D0      	MOVWF      _b+1
;sys.c,91 :: 		}
L_interrupt0:
;sys.c,94 :: 		if (INTCON.T0IF) {
0x0021	0x1D0B      	BTFSS      INTCON, 2
0x0022	0x282A      	GOTO       L_interrupt1
;sys.c,95 :: 		INTCON.T0IF = 0;
0x0023	0x110B      	BCF        INTCON, 2
;sys.c,96 :: 		TMR0 = 254;
0x0024	0x30FE      	MOVLW      254
0x0025	0x0081      	MOVWF      TMR0
;sys.c,100 :: 		a=1;
0x0026	0x3001      	MOVLW      1
0x0027	0x00B9      	MOVWF      _a
0x0028	0x3000      	MOVLW      0
0x0029	0x00BA      	MOVWF      _a+1
;sys.c,103 :: 		}
L_interrupt1:
;sys.c,107 :: 		if (INTCON.RBIF)
0x002A	0x1C0B      	BTFSS      INTCON, 0
0x002B	0x2871      	GOTO       L_interrupt2
;sys.c,109 :: 		INTCON.RBIF = 0;
0x002C	0x100B      	BCF        INTCON, 0
;sys.c,111 :: 		if (PORTB.RB4 && (BORN1==1 || BORN2==2 || BORN3==3)){
0x002D	0x1E06      	BTFSS      PORTB, 4
0x002E	0x2857      	GOTO       L_interrupt7
0x002F	0x3000      	MOVLW      0
0x0030	0x063E      	XORWF      _BORN1+1, 0
0x0031	0x1D03      	BTFSS      STATUS, 2
0x0032	0x2835      	GOTO       L__interrupt53
0x0033	0x3001      	MOVLW      1
0x0034	0x063D      	XORWF      _BORN1, 0
L__interrupt53:
0x0035	0x1903      	BTFSC      STATUS, 2
0x0036	0x2849      	GOTO       L__interrupt50
0x0037	0x3000      	MOVLW      0
0x0038	0x1683      	BSF        STATUS, 5
0x0039	0x064F      	XORWF      _BORN2+1, 0
0x003A	0x1D03      	BTFSS      STATUS, 2
0x003B	0x283E      	GOTO       L__interrupt54
0x003C	0x3002      	MOVLW      2
0x003D	0x064E      	XORWF      _BORN2, 0
L__interrupt54:
0x003E	0x1903      	BTFSC      STATUS, 2
0x003F	0x2849      	GOTO       L__interrupt50
0x0040	0x3000      	MOVLW      0
0x0041	0x065D      	XORWF      _BORN3+1, 0
0x0042	0x1D03      	BTFSS      STATUS, 2
0x0043	0x2846      	GOTO       L__interrupt55
0x0044	0x3003      	MOVLW      3
0x0045	0x065C      	XORWF      _BORN3, 0
L__interrupt55:
0x0046	0x1903      	BTFSC      STATUS, 2
0x0047	0x2849      	GOTO       L__interrupt50
0x0048	0x2857      	GOTO       L_interrupt7
L__interrupt50:
L__interrupt49:
;sys.c,112 :: 		if (cc == 1)
0x0049	0x3000      	MOVLW      0
0x004A	0x1283      	BCF        STATUS, 5
0x004B	0x063C      	XORWF      _cc+1, 0
0x004C	0x1D03      	BTFSS      STATUS, 2
0x004D	0x2850      	GOTO       L__interrupt56
0x004E	0x3001      	MOVLW      1
0x004F	0x063B      	XORWF      _cc, 0
L__interrupt56:
0x0050	0x1D03      	BTFSS      STATUS, 2
0x0051	0x2857      	GOTO       L_interrupt8
;sys.c,113 :: 		dd=1;
0x0052	0x3001      	MOVLW      1
0x0053	0x1683      	BSF        STATUS, 5
0x0054	0x00E8      	MOVWF      _dd
0x0055	0x3000      	MOVLW      0
0x0056	0x00E9      	MOVWF      _dd+1
L_interrupt8:
;sys.c,114 :: 		}
L_interrupt7:
;sys.c,116 :: 		if (PORTB.RB5 ){
0x0057	0x1283      	BCF        STATUS, 5
0x0058	0x1E86      	BTFSS      PORTB, 5
0x0059	0x2869      	GOTO       L_interrupt9
;sys.c,117 :: 		if (ee==1){
0x005A	0x3000      	MOVLW      0
0x005B	0x1683      	BSF        STATUS, 5
0x005C	0x065F      	XORWF      _ee+1, 0
0x005D	0x1D03      	BTFSS      STATUS, 2
0x005E	0x2861      	GOTO       L__interrupt57
0x005F	0x3001      	MOVLW      1
0x0060	0x065E      	XORWF      _ee, 0
L__interrupt57:
0x0061	0x1D03      	BTFSS      STATUS, 2
0x0062	0x2869      	GOTO       L_interrupt10
;sys.c,118 :: 		ee=0;
0x0063	0x01DE      	CLRF       _ee
0x0064	0x01DF      	CLRF       _ee+1
;sys.c,119 :: 		ff=1;
0x0065	0x3001      	MOVLW      1
0x0066	0x00A0      	MOVWF      _ff
0x0067	0x3000      	MOVLW      0
0x0068	0x00A1      	MOVWF      _ff+1
;sys.c,120 :: 		}
L_interrupt10:
;sys.c,123 :: 		}
L_interrupt9:
;sys.c,125 :: 		if (PORTB.RB3){
0x0069	0x1283      	BCF        STATUS, 5
0x006A	0x1D86      	BTFSS      PORTB, 3
0x006B	0x2871      	GOTO       L_interrupt11
;sys.c,126 :: 		clickst=1;
0x006C	0x3001      	MOVLW      1
0x006D	0x1683      	BSF        STATUS, 5
0x006E	0x00A9      	MOVWF      _clickst
0x006F	0x3000      	MOVLW      0
0x0070	0x00AA      	MOVWF      _clickst+1
;sys.c,127 :: 		}
L_interrupt11:
;sys.c,129 :: 		}
L_interrupt2:
;sys.c,132 :: 		}
L_end_interrupt:
L__interrupt52:
0x0071	0x1283      	BCF        STATUS, 5
0x0072	0x0822      	MOVF       34, 0
0x0073	0x00F0      	MOVWF      R0
0x0074	0x0821      	MOVF       33, 0
0x0075	0x00FC      	MOVWF      R12
0x0076	0x0820      	MOVF       32, 0
0x0077	0x00FD      	MOVWF      R13
0x0078	0x1703      	BSF        STATUS, 6
0x0079	0x0829      	MOVF       ___savePCLATH, 0
0x007A	0x008A      	MOVWF      PCLATH
0x007B	0x0E28      	SWAPF      ___saveSTATUS, 0
0x007C	0x0083      	MOVWF      STATUS
0x007D	0x0EFF      	SWAPF      R15, 1
0x007E	0x0E7F      	SWAPF      R15, 0
0x007F	0x0009      	RETFIE
; end of _interrupt
_Delay_5500us:
;__Lib_Delays.c,31 :: 		void Delay_5500us() {
;__Lib_Delays.c,32 :: 		Delay_us(5500);
0x0080	0x300F      	MOVLW      15
0x0081	0x1283      	BCF        STATUS, 5
0x0082	0x1303      	BCF        STATUS, 6
0x0083	0x00FC      	MOVWF      R12
0x0084	0x3047      	MOVLW      71
0x0085	0x00FD      	MOVWF      R13
L_Delay_5500us5:
0x0086	0x0BFD      	DECFSZ     R13, 1
0x0087	0x2886      	GOTO       L_Delay_5500us5
0x0088	0x0BFC      	DECFSZ     R12, 1
0x0089	0x2886      	GOTO       L_Delay_5500us5
0x008A	0x0000      	NOP
0x008B	0x0000      	NOP
;__Lib_Delays.c,33 :: 		}
L_end_Delay_5500us:
0x008C	0x0008      	RETURN
; end of _Delay_5500us
_Delay_1us:
;__Lib_Delays.c,7 :: 		void Delay_1us() {
;__Lib_Delays.c,8 :: 		Delay_us(1);
0x008D	0x0000      	NOP
0x008E	0x0000      	NOP
;__Lib_Delays.c,9 :: 		}
L_end_Delay_1us:
0x008F	0x0008      	RETURN
; end of _Delay_1us
_Delay_50us:
;__Lib_Delays.c,19 :: 		void Delay_50us() {
;__Lib_Delays.c,20 :: 		Delay_us(50);
0x0090	0x3021      	MOVLW      33
0x0091	0x1283      	BCF        STATUS, 5
0x0092	0x1303      	BCF        STATUS, 6
0x0093	0x00FD      	MOVWF      R13
L_Delay_50us2:
0x0094	0x0BFD      	DECFSZ     R13, 1
0x0095	0x2894      	GOTO       L_Delay_50us2
;__Lib_Delays.c,21 :: 		}
L_end_Delay_50us:
0x0096	0x0008      	RETURN
; end of _Delay_50us
_Lcd_Cmd:
;__Lib_Lcd.c,18 :: 		
;__Lib_Lcd.c,20 :: 		
0x0097	0x1283      	BCF        STATUS, 5
0x0098	0x1703      	BSF        STATUS, 6
0x0099	0x1BB8      	BTFSC      FARG_Lcd_Cmd_out_char, 7
0x009A	0x289E      	GOTO       L__Lcd_Cmd21
0x009B	0x1303      	BCF        STATUS, 6
0x009C	0x1388      	BCF        LCD_D7, BitPos(LCD_D7+0)
0x009D	0x28A0      	GOTO       L__Lcd_Cmd22
L__Lcd_Cmd21:
0x009E	0x1303      	BCF        STATUS, 6
0x009F	0x1788      	BSF        LCD_D7, BitPos(LCD_D7+0)
L__Lcd_Cmd22:
;__Lib_Lcd.c,21 :: 		
0x00A0	0x1703      	BSF        STATUS, 6
0x00A1	0x1B38      	BTFSC      FARG_Lcd_Cmd_out_char, 6
0x00A2	0x28A6      	GOTO       L__Lcd_Cmd23
0x00A3	0x1303      	BCF        STATUS, 6
0x00A4	0x1308      	BCF        LCD_D6, BitPos(LCD_D6+0)
0x00A5	0x28A8      	GOTO       L__Lcd_Cmd24
L__Lcd_Cmd23:
0x00A6	0x1303      	BCF        STATUS, 6
0x00A7	0x1708      	BSF        LCD_D6, BitPos(LCD_D6+0)
L__Lcd_Cmd24:
;__Lib_Lcd.c,22 :: 		
0x00A8	0x1703      	BSF        STATUS, 6
0x00A9	0x1AB8      	BTFSC      FARG_Lcd_Cmd_out_char, 5
0x00AA	0x28AE      	GOTO       L__Lcd_Cmd25
0x00AB	0x1303      	BCF        STATUS, 6
0x00AC	0x1288      	BCF        LCD_D5, BitPos(LCD_D5+0)
0x00AD	0x28B0      	GOTO       L__Lcd_Cmd26
L__Lcd_Cmd25:
0x00AE	0x1303      	BCF        STATUS, 6
0x00AF	0x1688      	BSF        LCD_D5, BitPos(LCD_D5+0)
L__Lcd_Cmd26:
;__Lib_Lcd.c,23 :: 		
0x00B0	0x1703      	BSF        STATUS, 6
0x00B1	0x1A38      	BTFSC      FARG_Lcd_Cmd_out_char, 4
0x00B2	0x28B6      	GOTO       L__Lcd_Cmd27
0x00B3	0x1303      	BCF        STATUS, 6
0x00B4	0x1208      	BCF        LCD_D4, BitPos(LCD_D4+0)
0x00B5	0x28B8      	GOTO       L__Lcd_Cmd28
L__Lcd_Cmd27:
0x00B6	0x1303      	BCF        STATUS, 6
0x00B7	0x1608      	BSF        LCD_D4, BitPos(LCD_D4+0)
L__Lcd_Cmd28:
;__Lib_Lcd.c,25 :: 		
0x00B8	0x186F      	BTFSC      __Lib_Lcd_cmd_status, BitPos(__Lib_Lcd_cmd_status+0)
0x00B9	0x28BC      	GOTO       L__Lcd_Cmd29
0x00BA	0x1408      	BSF        LCD_RS, BitPos(LCD_RS+0)
0x00BB	0x28BD      	GOTO       L__Lcd_Cmd30
L__Lcd_Cmd29:
0x00BC	0x1008      	BCF        LCD_RS, BitPos(LCD_RS+0)
L__Lcd_Cmd30:
;__Lib_Lcd.c,28 :: 		
0x00BD	0x1488      	BSF        LCD_EN, BitPos(LCD_EN+0)
;__Lib_Lcd.c,29 :: 		
0x00BE	0x208D      	CALL       _Delay_1us
;__Lib_Lcd.c,30 :: 		
0x00BF	0x1088      	BCF        LCD_EN, BitPos(LCD_EN+0)
;__Lib_Lcd.c,33 :: 		
0x00C0	0x1703      	BSF        STATUS, 6
0x00C1	0x19B8      	BTFSC      FARG_Lcd_Cmd_out_char, 3
0x00C2	0x28C6      	GOTO       L__Lcd_Cmd31
0x00C3	0x1303      	BCF        STATUS, 6
0x00C4	0x1388      	BCF        LCD_D7, BitPos(LCD_D7+0)
0x00C5	0x28C8      	GOTO       L__Lcd_Cmd32
L__Lcd_Cmd31:
0x00C6	0x1303      	BCF        STATUS, 6
0x00C7	0x1788      	BSF        LCD_D7, BitPos(LCD_D7+0)
L__Lcd_Cmd32:
;__Lib_Lcd.c,34 :: 		
0x00C8	0x1703      	BSF        STATUS, 6
0x00C9	0x1938      	BTFSC      FARG_Lcd_Cmd_out_char, 2
0x00CA	0x28CE      	GOTO       L__Lcd_Cmd33
0x00CB	0x1303      	BCF        STATUS, 6
0x00CC	0x1308      	BCF        LCD_D6, BitPos(LCD_D6+0)
0x00CD	0x28D0      	GOTO       L__Lcd_Cmd34
L__Lcd_Cmd33:
0x00CE	0x1303      	BCF        STATUS, 6
0x00CF	0x1708      	BSF        LCD_D6, BitPos(LCD_D6+0)
L__Lcd_Cmd34:
;__Lib_Lcd.c,35 :: 		
0x00D0	0x1703      	BSF        STATUS, 6
0x00D1	0x18B8      	BTFSC      FARG_Lcd_Cmd_out_char, 1
0x00D2	0x28D6      	GOTO       L__Lcd_Cmd35
0x00D3	0x1303      	BCF        STATUS, 6
0x00D4	0x1288      	BCF        LCD_D5, BitPos(LCD_D5+0)
0x00D5	0x28D8      	GOTO       L__Lcd_Cmd36
L__Lcd_Cmd35:
0x00D6	0x1303      	BCF        STATUS, 6
0x00D7	0x1688      	BSF        LCD_D5, BitPos(LCD_D5+0)
L__Lcd_Cmd36:
;__Lib_Lcd.c,36 :: 		
0x00D8	0x1703      	BSF        STATUS, 6
0x00D9	0x1838      	BTFSC      FARG_Lcd_Cmd_out_char, 0
0x00DA	0x28DE      	GOTO       L__Lcd_Cmd37
0x00DB	0x1303      	BCF        STATUS, 6
0x00DC	0x1208      	BCF        LCD_D4, BitPos(LCD_D4+0)
0x00DD	0x28E0      	GOTO       L__Lcd_Cmd38
L__Lcd_Cmd37:
0x00DE	0x1303      	BCF        STATUS, 6
0x00DF	0x1608      	BSF        LCD_D4, BitPos(LCD_D4+0)
L__Lcd_Cmd38:
;__Lib_Lcd.c,38 :: 		
0x00E0	0x186F      	BTFSC      __Lib_Lcd_cmd_status, BitPos(__Lib_Lcd_cmd_status+0)
0x00E1	0x28E4      	GOTO       L__Lcd_Cmd39
0x00E2	0x1408      	BSF        LCD_RS, BitPos(LCD_RS+0)
0x00E3	0x28E5      	GOTO       L__Lcd_Cmd40
L__Lcd_Cmd39:
0x00E4	0x1008      	BCF        LCD_RS, BitPos(LCD_RS+0)
L__Lcd_Cmd40:
;__Lib_Lcd.c,40 :: 		
0x00E5	0x1488      	BSF        LCD_EN, BitPos(LCD_EN+0)
;__Lib_Lcd.c,41 :: 		
0x00E6	0x208D      	CALL       _Delay_1us
;__Lib_Lcd.c,42 :: 		
0x00E7	0x1088      	BCF        LCD_EN, BitPos(LCD_EN+0)
;__Lib_Lcd.c,44 :: 		
0x00E8	0x1C6F      	BTFSS      __Lib_Lcd_cmd_status, BitPos(__Lib_Lcd_cmd_status+0)
0x00E9	0x28EC      	GOTO       L_Lcd_Cmd0
;__Lib_Lcd.c,45 :: 		
0x00EA	0x2080      	CALL       _Delay_5500us
0x00EB	0x28ED      	GOTO       L_Lcd_Cmd1
L_Lcd_Cmd0:
;__Lib_Lcd.c,47 :: 		
0x00EC	0x2090      	CALL       _Delay_50us
L_Lcd_Cmd1:
;__Lib_Lcd.c,48 :: 		
L_end_Lcd_Cmd:
0x00ED	0x0008      	RETURN
; end of _Lcd_Cmd
_Div_16X16_U:
;__Lib_Math.c,215 :: 		
;__Lib_Math.c,222 :: 		
0x00EE	0x1283      	BCF        STATUS, 5
;__Lib_Math.c,223 :: 		
0x00EF	0x1303      	BCF        STATUS, 6
;__Lib_Math.c,224 :: 		
0x00F0	0x01F8      	CLRF       R8
;__Lib_Math.c,225 :: 		
0x00F1	0x01F9      	CLRF       R9
;__Lib_Math.c,226 :: 		
0x00F2	0x3010      	MOVLW      16
;__Lib_Math.c,227 :: 		
0x00F3	0x00FC      	MOVWF      R12
;__Lib_Math.c,228 :: 		
0x00F4	0x0D71      	RLF        R1, 0
;__Lib_Math.c,229 :: 		
0x00F5	0x0DF8      	RLF        R8, 1
;__Lib_Math.c,230 :: 		
0x00F6	0x0DF9      	RLF        R9, 1
;__Lib_Math.c,231 :: 		
0x00F7	0x0874      	MOVF       R4, 0
;__Lib_Math.c,232 :: 		
0x00F8	0x02F8      	SUBWF      R8, 1
;__Lib_Math.c,233 :: 		
0x00F9	0x0875      	MOVF       R5, 0
;__Lib_Math.c,234 :: 		
0x00FA	0x1C03      	BTFSS      STATUS, 0
;__Lib_Math.c,235 :: 		
0x00FB	0x0F75      	INCFSZ     R5, 0
;__Lib_Math.c,236 :: 		
0x00FC	0x02F9      	SUBWF      R9, 1
;__Lib_Math.c,237 :: 		
0x00FD	0x1803      	BTFSC      STATUS, 0
;__Lib_Math.c,238 :: 		
0x00FE	0x2906      	GOTO       $+8
;__Lib_Math.c,239 :: 		
0x00FF	0x0874      	MOVF       R4, 0
;__Lib_Math.c,240 :: 		
0x0100	0x07F8      	ADDWF      R8, 1
;__Lib_Math.c,241 :: 		
0x0101	0x0875      	MOVF       R5, 0
;__Lib_Math.c,242 :: 		
0x0102	0x1803      	BTFSC      STATUS, 0
;__Lib_Math.c,243 :: 		
0x0103	0x0F75      	INCFSZ     R5, 0
;__Lib_Math.c,244 :: 		
0x0104	0x07F9      	ADDWF      R9, 1
;__Lib_Math.c,245 :: 		
0x0105	0x1003      	BCF        STATUS, 0
;__Lib_Math.c,246 :: 		
0x0106	0x0DF0      	RLF        R0, 1
;__Lib_Math.c,247 :: 		
0x0107	0x0DF1      	RLF        R1, 1
;__Lib_Math.c,248 :: 		
0x0108	0x0BFC      	DECFSZ     R12, 1
;__Lib_Math.c,249 :: 		
0x0109	0x28F4      	GOTO       $-21
;__Lib_Math.c,251 :: 		
L_end_Div_16X16_U:
0x010A	0x0008      	RETURN
; end of _Div_16X16_U
_____DoICP:
;__Lib_System.c,6 :: 		
;__Lib_System.c,9 :: 		
0x010B	0x1283      	BCF        STATUS, 5
0x010C	0x1703      	BSF        STATUS, 6
0x010D	0x0827      	MOVF       ___DoICPAddr+1, 0
0x010E	0x008A      	MOVWF      PCLATH
;__Lib_System.c,10 :: 		
0x010F	0x0826      	MOVF       ___DoICPAddr, 0
0x0110	0x0082      	MOVWF      PCL
;__Lib_System.c,12 :: 		
L_end_____DoICP:
0x0111	0x0008      	RETURN
; end of _____DoICP
_Lcd_Chr_CP:
;__Lib_Lcd.c,50 :: 		
;__Lib_Lcd.c,52 :: 		
0x0112	0x1283      	BCF        STATUS, 5
0x0113	0x1303      	BCF        STATUS, 6
0x0114	0x106F      	BCF        __Lib_Lcd_cmd_status, BitPos(__Lib_Lcd_cmd_status+0)
;__Lib_Lcd.c,53 :: 		
0x0115	0x1703      	BSF        STATUS, 6
0x0116	0x0833      	MOVF       FARG_Lcd_Chr_CP_out_char, 0
0x0117	0x00B8      	MOVWF      FARG_Lcd_Cmd_out_char
0x0118	0x2097      	CALL       _Lcd_Cmd
;__Lib_Lcd.c,54 :: 		
0x0119	0x146F      	BSF        __Lib_Lcd_cmd_status, BitPos(__Lib_Lcd_cmd_status+0)
;__Lib_Lcd.c,55 :: 		
L_end_Lcd_Chr_CP:
0x011A	0x0008      	RETURN
; end of _Lcd_Chr_CP
_WordToStr:
;__Lib_Conversions.c,98 :: 		
;__Lib_Conversions.c,103 :: 		
0x011B	0x1283      	BCF        STATUS, 5
0x011C	0x1703      	BSF        STATUS, 6
0x011D	0x01B6      	CLRF       WordToStr_len_L0
L_WordToStr11:
0x011E	0x3005      	MOVLW      5
0x011F	0x0236      	SUBWF      WordToStr_len_L0, 0
0x0120	0x1803      	BTFSC      STATUS, 0
0x0121	0x2929      	GOTO       L_WordToStr12
;__Lib_Conversions.c,104 :: 		
0x0122	0x0836      	MOVF       WordToStr_len_L0, 0
0x0123	0x0735      	ADDWF      FARG_WordToStr_output, 0
0x0124	0x0084      	MOVWF      FSR
0x0125	0x3020      	MOVLW      32
0x0126	0x0080      	MOVWF      INDF
;__Lib_Conversions.c,103 :: 		
0x0127	0x0AB6      	INCF       WordToStr_len_L0, 1
;__Lib_Conversions.c,104 :: 		
0x0128	0x291E      	GOTO       L_WordToStr11
L_WordToStr12:
;__Lib_Conversions.c,105 :: 		
0x0129	0x0836      	MOVF       WordToStr_len_L0, 0
0x012A	0x0735      	ADDWF      FARG_WordToStr_output, 0
0x012B	0x0084      	MOVWF      FSR
0x012C	0x0180      	CLRF       INDF
0x012D	0x03B6      	DECF       WordToStr_len_L0, 1
;__Lib_Conversions.c,107 :: 		
L_WordToStr14:
;__Lib_Conversions.c,108 :: 		
0x012E	0x0836      	MOVF       WordToStr_len_L0, 0
0x012F	0x0735      	ADDWF      FARG_WordToStr_output, 0
0x0130	0x00B7      	MOVWF      FLOC__WordToStr
0x0131	0x300A      	MOVLW      10
0x0132	0x00F4      	MOVWF      R4
0x0133	0x01F5      	CLRF       R4+1
0x0134	0x0833      	MOVF       FARG_WordToStr_input, 0
0x0135	0x00F0      	MOVWF      R0
0x0136	0x0834      	MOVF       FARG_WordToStr_input+1, 0
0x0137	0x00F1      	MOVWF      R0+1
0x0138	0x20EE      	CALL       _Div_16X16_U
0x0139	0x0878      	MOVF       R8, 0
0x013A	0x00F0      	MOVWF      R0
0x013B	0x0879      	MOVF       R8+1, 0
0x013C	0x00F1      	MOVWF      R0+1
0x013D	0x3030      	MOVLW      48
0x013E	0x07F0      	ADDWF      R0, 1
0x013F	0x1703      	BSF        STATUS, 6
0x0140	0x0837      	MOVF       FLOC__WordToStr, 0
0x0141	0x0084      	MOVWF      FSR
0x0142	0x0870      	MOVF       R0, 0
0x0143	0x0080      	MOVWF      INDF
;__Lib_Conversions.c,109 :: 		
0x0144	0x300A      	MOVLW      10
0x0145	0x00F4      	MOVWF      R4
0x0146	0x01F5      	CLRF       R4+1
0x0147	0x0833      	MOVF       FARG_WordToStr_input, 0
0x0148	0x00F0      	MOVWF      R0
0x0149	0x0834      	MOVF       FARG_WordToStr_input+1, 0
0x014A	0x00F1      	MOVWF      R0+1
0x014B	0x20EE      	CALL       _Div_16X16_U
0x014C	0x0870      	MOVF       R0, 0
0x014D	0x1703      	BSF        STATUS, 6
0x014E	0x00B3      	MOVWF      FARG_WordToStr_input
0x014F	0x0871      	MOVF       R0+1, 0
0x0150	0x00B4      	MOVWF      FARG_WordToStr_input+1
;__Lib_Conversions.c,110 :: 		
0x0151	0x3000      	MOVLW      0
0x0152	0x0671      	XORWF      R0+1, 0
0x0153	0x1D03      	BTFSS      STATUS, 2
0x0154	0x2957      	GOTO       L__WordToStr159
0x0155	0x3000      	MOVLW      0
0x0156	0x0670      	XORWF      R0, 0
L__WordToStr159:
0x0157	0x1D03      	BTFSS      STATUS, 2
0x0158	0x295A      	GOTO       L_WordToStr16
;__Lib_Conversions.c,111 :: 		
0x0159	0x295C      	GOTO       L_WordToStr15
L_WordToStr16:
;__Lib_Conversions.c,112 :: 		
0x015A	0x03B6      	DECF       WordToStr_len_L0, 1
;__Lib_Conversions.c,113 :: 		
0x015B	0x292E      	GOTO       L_WordToStr14
L_WordToStr15:
;__Lib_Conversions.c,114 :: 		
L_end_WordToStr:
0x015C	0x0008      	RETURN
; end of _WordToStr
_Lcd_Out:
;__Lib_Lcd.c,184 :: 		
;__Lib_Lcd.c,187 :: 		
0x015D	0x296F      	GOTO       L_Lcd_Out11
;__Lib_Lcd.c,188 :: 		
L_Lcd_Out13:
0x015E	0x3080      	MOVLW      128
0x015F	0x1283      	BCF        STATUS, 5
0x0160	0x1703      	BSF        STATUS, 6
0x0161	0x00AA      	MOVWF      FARG_Lcd_Out_row
0x0162	0x2982      	GOTO       L_Lcd_Out12
;__Lib_Lcd.c,189 :: 		
L_Lcd_Out14:
0x0163	0x30C0      	MOVLW      192
0x0164	0x00AA      	MOVWF      FARG_Lcd_Out_row
0x0165	0x2982      	GOTO       L_Lcd_Out12
;__Lib_Lcd.c,190 :: 		
L_Lcd_Out15:
0x0166	0x3094      	MOVLW      148
0x0167	0x00AA      	MOVWF      FARG_Lcd_Out_row
0x0168	0x2982      	GOTO       L_Lcd_Out12
;__Lib_Lcd.c,191 :: 		
L_Lcd_Out16:
0x0169	0x30D4      	MOVLW      212
0x016A	0x00AA      	MOVWF      FARG_Lcd_Out_row
0x016B	0x2982      	GOTO       L_Lcd_Out12
;__Lib_Lcd.c,192 :: 		
L_Lcd_Out17:
0x016C	0x3080      	MOVLW      128
0x016D	0x00AA      	MOVWF      FARG_Lcd_Out_row
;__Lib_Lcd.c,193 :: 		
0x016E	0x2982      	GOTO       L_Lcd_Out12
L_Lcd_Out11:
0x016F	0x1283      	BCF        STATUS, 5
0x0170	0x1703      	BSF        STATUS, 6
0x0171	0x082A      	MOVF       FARG_Lcd_Out_row, 0
0x0172	0x3A01      	XORLW      1
0x0173	0x1903      	BTFSC      STATUS, 2
0x0174	0x295E      	GOTO       L_Lcd_Out13
0x0175	0x082A      	MOVF       FARG_Lcd_Out_row, 0
0x0176	0x3A02      	XORLW      2
0x0177	0x1903      	BTFSC      STATUS, 2
0x0178	0x2963      	GOTO       L_Lcd_Out14
0x0179	0x082A      	MOVF       FARG_Lcd_Out_row, 0
0x017A	0x3A03      	XORLW      3
0x017B	0x1903      	BTFSC      STATUS, 2
0x017C	0x2966      	GOTO       L_Lcd_Out15
0x017D	0x082A      	MOVF       FARG_Lcd_Out_row, 0
0x017E	0x3A04      	XORLW      4
0x017F	0x1903      	BTFSC      STATUS, 2
0x0180	0x2969      	GOTO       L_Lcd_Out16
0x0181	0x296C      	GOTO       L_Lcd_Out17
L_Lcd_Out12:
;__Lib_Lcd.c,194 :: 		
0x0182	0x032B      	DECF       FARG_Lcd_Out_column, 0
0x0183	0x00F0      	MOVWF      R0
0x0184	0x082A      	MOVF       FARG_Lcd_Out_row, 0
0x0185	0x07F0      	ADDWF      R0, 1
0x0186	0x0870      	MOVF       R0, 0
0x0187	0x00AA      	MOVWF      FARG_Lcd_Out_row
;__Lib_Lcd.c,196 :: 		
0x0188	0x0870      	MOVF       R0, 0
0x0189	0x00B8      	MOVWF      FARG_Lcd_Cmd_out_char
0x018A	0x2097      	CALL       _Lcd_Cmd
;__Lib_Lcd.c,197 :: 		
0x018B	0x106F      	BCF        __Lib_Lcd_cmd_status, BitPos(__Lib_Lcd_cmd_status+0)
;__Lib_Lcd.c,198 :: 		
0x018C	0x1703      	BSF        STATUS, 6
0x018D	0x01AD      	CLRF       Lcd_Out_i_L0
;__Lib_Lcd.c,199 :: 		
L_Lcd_Out18:
0x018E	0x082D      	MOVF       Lcd_Out_i_L0, 0
0x018F	0x072C      	ADDWF      FARG_Lcd_Out_text, 0
0x0190	0x0084      	MOVWF      FSR
0x0191	0x0800      	MOVF       INDF, 0
0x0192	0x1903      	BTFSC      STATUS, 2
0x0193	0x299D      	GOTO       L_Lcd_Out19
;__Lib_Lcd.c,200 :: 		
0x0194	0x082D      	MOVF       Lcd_Out_i_L0, 0
0x0195	0x072C      	ADDWF      FARG_Lcd_Out_text, 0
0x0196	0x0084      	MOVWF      FSR
0x0197	0x0800      	MOVF       INDF, 0
0x0198	0x00B3      	MOVWF      FARG_Lcd_Chr_CP_out_char
0x0199	0x2112      	CALL       _Lcd_Chr_CP
0x019A	0x1703      	BSF        STATUS, 6
0x019B	0x0AAD      	INCF       Lcd_Out_i_L0, 1
0x019C	0x298E      	GOTO       L_Lcd_Out18
L_Lcd_Out19:
;__Lib_Lcd.c,201 :: 		
0x019D	0x1303      	BCF        STATUS, 6
0x019E	0x146F      	BSF        __Lib_Lcd_cmd_status, BitPos(__Lib_Lcd_cmd_status+0)
;__Lib_Lcd.c,202 :: 		
L_end_Lcd_Out:
0x019F	0x0008      	RETURN
; end of _Lcd_Out
_Lcd_Init:
;__Lib_Lcd.c,84 :: 		
;__Lib_Lcd.c,86 :: 		
0x01A0	0x1683      	BSF        STATUS, 5
0x01A1	0x1303      	BCF        STATUS, 6
0x01A2	0x1088      	BCF        LCD_EN_Direction, BitPos(LCD_EN_Direction+0)
;__Lib_Lcd.c,87 :: 		
0x01A3	0x1008      	BCF        LCD_RS_Direction, BitPos(LCD_RS_Direction+0)
;__Lib_Lcd.c,88 :: 		
0x01A4	0x1208      	BCF        LCD_D4_Direction, BitPos(LCD_D4_Direction+0)
;__Lib_Lcd.c,89 :: 		
0x01A5	0x1288      	BCF        LCD_D5_Direction, BitPos(LCD_D5_Direction+0)
;__Lib_Lcd.c,90 :: 		
0x01A6	0x1308      	BCF        LCD_D6_Direction, BitPos(LCD_D6_Direction+0)
;__Lib_Lcd.c,91 :: 		
0x01A7	0x1388      	BCF        LCD_D7_Direction, BitPos(LCD_D7_Direction+0)
;__Lib_Lcd.c,93 :: 		
0x01A8	0x1283      	BCF        STATUS, 5
0x01A9	0x1088      	BCF        LCD_EN, BitPos(LCD_EN+0)
;__Lib_Lcd.c,94 :: 		
0x01AA	0x1008      	BCF        LCD_RS, BitPos(LCD_RS+0)
;__Lib_Lcd.c,95 :: 		
0x01AB	0x1388      	BCF        LCD_D7, BitPos(LCD_D7+0)
;__Lib_Lcd.c,96 :: 		
0x01AC	0x1308      	BCF        LCD_D6, BitPos(LCD_D6+0)
;__Lib_Lcd.c,97 :: 		
0x01AD	0x1288      	BCF        LCD_D5, BitPos(LCD_D5+0)
;__Lib_Lcd.c,98 :: 		
0x01AE	0x1208      	BCF        LCD_D4, BitPos(LCD_D4+0)
;__Lib_Lcd.c,100 :: 		
0x01AF	0x2080      	CALL       _Delay_5500us
;__Lib_Lcd.c,101 :: 		
0x01B0	0x2080      	CALL       _Delay_5500us
;__Lib_Lcd.c,102 :: 		
0x01B1	0x2080      	CALL       _Delay_5500us
;__Lib_Lcd.c,105 :: 		
0x01B2	0x1688      	BSF        LCD_D5, BitPos(LCD_D5+0)
;__Lib_Lcd.c,106 :: 		
0x01B3	0x1608      	BSF        LCD_D4, BitPos(LCD_D4+0)
;__Lib_Lcd.c,107 :: 		
0x01B4	0x1488      	BSF        LCD_EN, BitPos(LCD_EN+0)
;__Lib_Lcd.c,108 :: 		
0x01B5	0x208D      	CALL       _Delay_1us
;__Lib_Lcd.c,109 :: 		
0x01B6	0x1088      	BCF        LCD_EN, BitPos(LCD_EN+0)
;__Lib_Lcd.c,110 :: 		
0x01B7	0x2080      	CALL       _Delay_5500us
;__Lib_Lcd.c,112 :: 		
0x01B8	0x1488      	BSF        LCD_EN, BitPos(LCD_EN+0)
;__Lib_Lcd.c,113 :: 		
0x01B9	0x208D      	CALL       _Delay_1us
;__Lib_Lcd.c,114 :: 		
0x01BA	0x1088      	BCF        LCD_EN, BitPos(LCD_EN+0)
;__Lib_Lcd.c,115 :: 		
0x01BB	0x2080      	CALL       _Delay_5500us
;__Lib_Lcd.c,117 :: 		
0x01BC	0x1488      	BSF        LCD_EN, BitPos(LCD_EN+0)
;__Lib_Lcd.c,118 :: 		
0x01BD	0x208D      	CALL       _Delay_1us
;__Lib_Lcd.c,119 :: 		
0x01BE	0x1088      	BCF        LCD_EN, BitPos(LCD_EN+0)
;__Lib_Lcd.c,120 :: 		
0x01BF	0x2080      	CALL       _Delay_5500us
;__Lib_Lcd.c,123 :: 		
0x01C0	0x1208      	BCF        LCD_D4, BitPos(LCD_D4+0)
;__Lib_Lcd.c,124 :: 		
0x01C1	0x1488      	BSF        LCD_EN, BitPos(LCD_EN+0)
;__Lib_Lcd.c,125 :: 		
0x01C2	0x208D      	CALL       _Delay_1us
;__Lib_Lcd.c,126 :: 		
0x01C3	0x1088      	BCF        LCD_EN, BitPos(LCD_EN+0)
;__Lib_Lcd.c,127 :: 		
0x01C4	0x2080      	CALL       _Delay_5500us
;__Lib_Lcd.c,130 :: 		
0x01C5	0x1488      	BSF        LCD_EN, BitPos(LCD_EN+0)
;__Lib_Lcd.c,131 :: 		
0x01C6	0x208D      	CALL       _Delay_1us
;__Lib_Lcd.c,132 :: 		
0x01C7	0x1088      	BCF        LCD_EN, BitPos(LCD_EN+0)
;__Lib_Lcd.c,134 :: 		
0x01C8	0x1288      	BCF        LCD_D5, BitPos(LCD_D5+0)
;__Lib_Lcd.c,135 :: 		
0x01C9	0x1788      	BSF        LCD_D7, BitPos(LCD_D7+0)
;__Lib_Lcd.c,136 :: 		
0x01CA	0x1488      	BSF        LCD_EN, BitPos(LCD_EN+0)
;__Lib_Lcd.c,137 :: 		
0x01CB	0x208D      	CALL       _Delay_1us
;__Lib_Lcd.c,138 :: 		
0x01CC	0x1088      	BCF        LCD_EN, BitPos(LCD_EN+0)
;__Lib_Lcd.c,139 :: 		
0x01CD	0x2080      	CALL       _Delay_5500us
;__Lib_Lcd.c,142 :: 		
0x01CE	0x1388      	BCF        LCD_D7, BitPos(LCD_D7+0)
;__Lib_Lcd.c,143 :: 		
0x01CF	0x1608      	BSF        LCD_D4, BitPos(LCD_D4+0)
;__Lib_Lcd.c,144 :: 		
0x01D0	0x1488      	BSF        LCD_EN, BitPos(LCD_EN+0)
;__Lib_Lcd.c,145 :: 		
0x01D1	0x208D      	CALL       _Delay_1us
;__Lib_Lcd.c,146 :: 		
0x01D2	0x1088      	BCF        LCD_EN, BitPos(LCD_EN+0)
;__Lib_Lcd.c,148 :: 		
0x01D3	0x1208      	BCF        LCD_D4, BitPos(LCD_D4+0)
;__Lib_Lcd.c,149 :: 		
0x01D4	0x1488      	BSF        LCD_EN, BitPos(LCD_EN+0)
;__Lib_Lcd.c,150 :: 		
0x01D5	0x208D      	CALL       _Delay_1us
;__Lib_Lcd.c,151 :: 		
0x01D6	0x1088      	BCF        LCD_EN, BitPos(LCD_EN+0)
;__Lib_Lcd.c,152 :: 		
0x01D7	0x2080      	CALL       _Delay_5500us
;__Lib_Lcd.c,155 :: 		
0x01D8	0x1488      	BSF        LCD_EN, BitPos(LCD_EN+0)
;__Lib_Lcd.c,156 :: 		
0x01D9	0x208D      	CALL       _Delay_1us
;__Lib_Lcd.c,157 :: 		
0x01DA	0x1088      	BCF        LCD_EN, BitPos(LCD_EN+0)
;__Lib_Lcd.c,159 :: 		
0x01DB	0x1608      	BSF        LCD_D4, BitPos(LCD_D4+0)
;__Lib_Lcd.c,160 :: 		
0x01DC	0x1488      	BSF        LCD_EN, BitPos(LCD_EN+0)
;__Lib_Lcd.c,161 :: 		
0x01DD	0x208D      	CALL       _Delay_1us
;__Lib_Lcd.c,162 :: 		
0x01DE	0x1088      	BCF        LCD_EN, BitPos(LCD_EN+0)
;__Lib_Lcd.c,163 :: 		
0x01DF	0x2080      	CALL       _Delay_5500us
;__Lib_Lcd.c,166 :: 		
0x01E0	0x1208      	BCF        LCD_D4, BitPos(LCD_D4+0)
;__Lib_Lcd.c,167 :: 		
0x01E1	0x1488      	BSF        LCD_EN, BitPos(LCD_EN+0)
;__Lib_Lcd.c,168 :: 		
0x01E2	0x208D      	CALL       _Delay_1us
;__Lib_Lcd.c,169 :: 		
0x01E3	0x1088      	BCF        LCD_EN, BitPos(LCD_EN+0)
;__Lib_Lcd.c,171 :: 		
0x01E4	0x1788      	BSF        LCD_D7, BitPos(LCD_D7+0)
;__Lib_Lcd.c,172 :: 		
0x01E5	0x1708      	BSF        LCD_D6, BitPos(LCD_D6+0)
;__Lib_Lcd.c,173 :: 		
0x01E6	0x1688      	BSF        LCD_D5, BitPos(LCD_D5+0)
;__Lib_Lcd.c,174 :: 		
0x01E7	0x1608      	BSF        LCD_D4, BitPos(LCD_D4+0)
;__Lib_Lcd.c,175 :: 		
0x01E8	0x1488      	BSF        LCD_EN, BitPos(LCD_EN+0)
;__Lib_Lcd.c,176 :: 		
0x01E9	0x208D      	CALL       _Delay_1us
;__Lib_Lcd.c,177 :: 		
0x01EA	0x1088      	BCF        LCD_EN, BitPos(LCD_EN+0)
;__Lib_Lcd.c,179 :: 		
0x01EB	0x2080      	CALL       _Delay_5500us
;__Lib_Lcd.c,181 :: 		
0x01EC	0x146F      	BSF        __Lib_Lcd_cmd_status, BitPos(__Lib_Lcd_cmd_status+0)
;__Lib_Lcd.c,182 :: 		
L_end_Lcd_Init:
0x01ED	0x0008      	RETURN
; end of _Lcd_Init
_IntToStr:
;__Lib_Conversions.c,195 :: 		
;__Lib_Conversions.c,201 :: 		
0x01EE	0x1283      	BCF        STATUS, 5
0x01EF	0x1703      	BSF        STATUS, 6
0x01F0	0x01AF      	CLRF       IntToStr_negative_L0
0x01F1	0x01B0      	CLRF       IntToStr_negative_L0+1
;__Lib_Conversions.c,202 :: 		
0x01F2	0x082A      	MOVF       FARG_IntToStr_input, 0
0x01F3	0x00B1      	MOVWF      IntToStr_inword_L0
0x01F4	0x082B      	MOVF       FARG_IntToStr_input+1, 0
0x01F5	0x00B2      	MOVWF      IntToStr_inword_L0+1
;__Lib_Conversions.c,203 :: 		
0x01F6	0x3080      	MOVLW      128
0x01F7	0x062B      	XORWF      FARG_IntToStr_input+1, 0
0x01F8	0x00F0      	MOVWF      R0
0x01F9	0x3080      	MOVLW      128
0x01FA	0x0270      	SUBWF      R0, 0
0x01FB	0x1D03      	BTFSS      STATUS, 2
0x01FC	0x29FF      	GOTO       L__IntToStr167
0x01FD	0x3000      	MOVLW      0
0x01FE	0x022A      	SUBWF      FARG_IntToStr_input, 0
L__IntToStr167:
0x01FF	0x1803      	BTFSC      STATUS, 0
0x0200	0x2A0D      	GOTO       L_IntToStr37
;__Lib_Conversions.c,204 :: 		
0x0201	0x3001      	MOVLW      1
0x0202	0x00AF      	MOVWF      IntToStr_negative_L0
0x0203	0x3000      	MOVLW      0
0x0204	0x00B0      	MOVWF      IntToStr_negative_L0+1
;__Lib_Conversions.c,205 :: 		
0x0205	0x082A      	MOVF       FARG_IntToStr_input, 0
0x0206	0x3C00      	SUBLW      0
0x0207	0x00B1      	MOVWF      IntToStr_inword_L0
0x0208	0x082B      	MOVF       FARG_IntToStr_input+1, 0
0x0209	0x1C03      	BTFSS      STATUS, 0
0x020A	0x3E01      	ADDLW      1
0x020B	0x01B2      	CLRF       IntToStr_inword_L0+1
0x020C	0x02B2      	SUBWF      IntToStr_inword_L0+1, 1
;__Lib_Conversions.c,206 :: 		
L_IntToStr37:
;__Lib_Conversions.c,207 :: 		
0x020D	0x0831      	MOVF       IntToStr_inword_L0, 0
0x020E	0x00B3      	MOVWF      FARG_WordToStr_input
0x020F	0x0832      	MOVF       IntToStr_inword_L0+1, 0
0x0210	0x00B4      	MOVWF      FARG_WordToStr_input+1
0x0211	0x082C      	MOVF       FARG_IntToStr_output, 0
0x0212	0x00B5      	MOVWF      FARG_WordToStr_output
0x0213	0x211B      	CALL       _WordToStr
;__Lib_Conversions.c,209 :: 		
0x0214	0x3006      	MOVLW      6
0x0215	0x00AD      	MOVWF      IntToStr_i_L0
0x0216	0x3000      	MOVLW      0
0x0217	0x00AE      	MOVWF      IntToStr_i_L0+1
;__Lib_Conversions.c,210 :: 		
L_IntToStr38:
0x0218	0x082E      	MOVF       IntToStr_i_L0+1, 0
0x0219	0x3C00      	SUBLW      0
0x021A	0x1D03      	BTFSS      STATUS, 2
0x021B	0x2A1E      	GOTO       L__IntToStr168
0x021C	0x082D      	MOVF       IntToStr_i_L0, 0
0x021D	0x3C00      	SUBLW      0
L__IntToStr168:
0x021E	0x1803      	BTFSC      STATUS, 0
0x021F	0x2A39      	GOTO       L_IntToStr39
;__Lib_Conversions.c,211 :: 		
0x0220	0x082D      	MOVF       IntToStr_i_L0, 0
0x0221	0x072C      	ADDWF      FARG_IntToStr_output, 0
0x0222	0x00F2      	MOVWF      R2
0x0223	0x3001      	MOVLW      1
0x0224	0x022D      	SUBWF      IntToStr_i_L0, 0
0x0225	0x00F0      	MOVWF      R0
0x0226	0x3000      	MOVLW      0
0x0227	0x1C03      	BTFSS      STATUS, 0
0x0228	0x3E01      	ADDLW      1
0x0229	0x022E      	SUBWF      IntToStr_i_L0+1, 0
0x022A	0x00F1      	MOVWF      R0+1
0x022B	0x0870      	MOVF       R0, 0
0x022C	0x072C      	ADDWF      FARG_IntToStr_output, 0
0x022D	0x0084      	MOVWF      FSR
0x022E	0x0800      	MOVF       INDF, 0
0x022F	0x00F0      	MOVWF      R0
0x0230	0x0872      	MOVF       R2, 0
0x0231	0x0084      	MOVWF      FSR
0x0232	0x0870      	MOVF       R0, 0
0x0233	0x0080      	MOVWF      INDF
;__Lib_Conversions.c,212 :: 		
0x0234	0x3001      	MOVLW      1
0x0235	0x02AD      	SUBWF      IntToStr_i_L0, 1
0x0236	0x1C03      	BTFSS      STATUS, 0
0x0237	0x03AE      	DECF       IntToStr_i_L0+1, 1
;__Lib_Conversions.c,213 :: 		
0x0238	0x2A18      	GOTO       L_IntToStr38
L_IntToStr39:
;__Lib_Conversions.c,214 :: 		
0x0239	0x082C      	MOVF       FARG_IntToStr_output, 0
0x023A	0x0084      	MOVWF      FSR
0x023B	0x3020      	MOVLW      32
0x023C	0x0080      	MOVWF      INDF
;__Lib_Conversions.c,215 :: 		
0x023D	0x082F      	MOVF       IntToStr_negative_L0, 0
0x023E	0x0430      	IORWF      IntToStr_negative_L0+1, 0
0x023F	0x1903      	BTFSC      STATUS, 2
0x0240	0x2A57      	GOTO       L_IntToStr40
;__Lib_Conversions.c,216 :: 		
0x0241	0x01AD      	CLRF       IntToStr_i_L0
0x0242	0x01AE      	CLRF       IntToStr_i_L0+1
;__Lib_Conversions.c,217 :: 		
L_IntToStr41:
0x0243	0x082D      	MOVF       IntToStr_i_L0, 0
0x0244	0x072C      	ADDWF      FARG_IntToStr_output, 0
0x0245	0x0084      	MOVWF      FSR
0x0246	0x0800      	MOVF       INDF, 0
0x0247	0x3A20      	XORLW      32
0x0248	0x1D03      	BTFSS      STATUS, 2
0x0249	0x2A4E      	GOTO       L_IntToStr42
0x024A	0x0AAD      	INCF       IntToStr_i_L0, 1
0x024B	0x1903      	BTFSC      STATUS, 2
0x024C	0x0AAE      	INCF       IntToStr_i_L0+1, 1
0x024D	0x2A43      	GOTO       L_IntToStr41
L_IntToStr42:
;__Lib_Conversions.c,218 :: 		
0x024E	0x3001      	MOVLW      1
0x024F	0x02AD      	SUBWF      IntToStr_i_L0, 1
0x0250	0x1C03      	BTFSS      STATUS, 0
0x0251	0x03AE      	DECF       IntToStr_i_L0+1, 1
;__Lib_Conversions.c,219 :: 		
0x0252	0x082D      	MOVF       IntToStr_i_L0, 0
0x0253	0x072C      	ADDWF      FARG_IntToStr_output, 0
0x0254	0x0084      	MOVWF      FSR
0x0255	0x302D      	MOVLW      45
0x0256	0x0080      	MOVWF      INDF
L_IntToStr40:
;__Lib_Conversions.c,220 :: 		
L_end_IntToStr:
0x0257	0x0008      	RETURN
; end of _IntToStr
___CC2DW:
;__Lib_System.c,134 :: 		
;__Lib_System.c,137 :: 		
_CC2D_Loop1:
;__Lib_System.c,139 :: 		
0x0258	0x210B      	CALL       _____DoICP
0x0259	0x118A      	BCF        PCLATH, 3
0x025A	0x120A      	BCF        PCLATH, 4
;__Lib_System.c,141 :: 		
0x025B	0x0080      	MOVWF      INDF
;__Lib_System.c,142 :: 		
0x025C	0x0A84      	INCF       FSR, 1
;__Lib_System.c,143 :: 		
0x025D	0x0AA6      	INCF       ___DoICPAddr, 1
;__Lib_System.c,145 :: 		
0x025E	0x1903      	BTFSC      STATUS, 2
;__Lib_System.c,146 :: 		
0x025F	0x0AA7      	INCF       ___DoICPAddr+1, 1
;__Lib_System.c,147 :: 		
0x0260	0x03F0      	DECF       R0, 1
;__Lib_System.c,149 :: 		
0x0261	0x1D03      	BTFSS      STATUS, 2
;__Lib_System.c,150 :: 		
0x0262	0x2A58      	GOTO       _CC2D_Loop1
;__Lib_System.c,152 :: 		
L_end___CC2DW:
0x0263	0x0008      	RETURN
; end of ___CC2DW
_main:
0x0264	0x25FC      	CALL       1532
;sys.c,134 :: 		void main() {
;sys.c,136 :: 		Lcd_Init();
0x0265	0x21A0      	CALL       _Lcd_Init
;sys.c,137 :: 		Lcd_Cmd(_LCD_CLEAR);
0x0266	0x3001      	MOVLW      1
0x0267	0x1703      	BSF        STATUS, 6
0x0268	0x00B8      	MOVWF      FARG_Lcd_Cmd_out_char
0x0269	0x2097      	CALL       _Lcd_Cmd
;sys.c,138 :: 		Lcd_Cmd(_LCD_CURSOR_OFF);
0x026A	0x300C      	MOVLW      12
0x026B	0x1703      	BSF        STATUS, 6
0x026C	0x00B8      	MOVWF      FARG_Lcd_Cmd_out_char
0x026D	0x2097      	CALL       _Lcd_Cmd
;sys.c,144 :: 		RESERVE_BUTTON_Direction = 1;
0x026E	0x1683      	BSF        STATUS, 5
0x026F	0x1406      	BSF        TRISB0_bit, BitPos(TRISB0_bit+0)
;sys.c,147 :: 		OPTION_REG.T0CS = 1;
0x0270	0x1681      	BSF        OPTION_REG, 5
;sys.c,149 :: 		TMR0 = 254;
0x0271	0x30FE      	MOVLW      254
0x0272	0x1283      	BCF        STATUS, 5
0x0273	0x0081      	MOVWF      TMR0
;sys.c,151 :: 		INTCON.GIE = 1;
0x0274	0x178B      	BSF        INTCON, 7
;sys.c,153 :: 		INTCON.RBIE = 1;
0x0275	0x158B      	BSF        INTCON, 3
;sys.c,154 :: 		OPTION_REG.INTEDG =1;
0x0276	0x1683      	BSF        STATUS, 5
0x0277	0x1701      	BSF        OPTION_REG, 6
;sys.c,155 :: 		INTCON.INTE = 1;
0x0278	0x160B      	BSF        INTCON, 4
;sys.c,158 :: 		TRISB3_bit = 1;  // Configurer RB3 comme entrée
0x0279	0x1586      	BSF        TRISB3_bit, BitPos(TRISB3_bit+0)
;sys.c,164 :: 		LED_JAUNE_Direction = 0;
0x027A	0x1007      	BCF        TRISC0_bit, BitPos(TRISC0_bit+0)
;sys.c,165 :: 		LED_BLEUE_Direction = 0;
0x027B	0x1087      	BCF        TRISC1_bit, BitPos(TRISC1_bit+0)
;sys.c,166 :: 		LED_ROUGE_Direction = 0;
0x027C	0x1107      	BCF        TRISC2_bit, BitPos(TRISC2_bit+0)
;sys.c,167 :: 		LED_VERTE_Direction = 0;
0x027D	0x1187      	BCF        TRISC3_bit, BitPos(TRISC3_bit+0)
;sys.c,169 :: 		MOTOR1_Direction = 0;
0x027E	0x1085      	BCF        TRISA1_bit, BitPos(TRISA1_bit+0)
;sys.c,170 :: 		MOTOR2_Direction = 0;
0x027F	0x1105      	BCF        TRISA2_bit, BitPos(TRISA2_bit+0)
;sys.c,171 :: 		BUZZER_Direction = 0;
0x0280	0x1005      	BCF        TRISA0_bit, BitPos(TRISA0_bit+0)
;sys.c,173 :: 		LED_BLEUE = 0;
0x0281	0x1283      	BCF        STATUS, 5
0x0282	0x1087      	BCF        RC1_bit, BitPos(RC1_bit+0)
;sys.c,174 :: 		LED_ROUGE = 0;
0x0283	0x1107      	BCF        RC2_bit, BitPos(RC2_bit+0)
;sys.c,175 :: 		LED_VERTE = 0;
0x0284	0x1187      	BCF        RC3_bit, BitPos(RC3_bit+0)
;sys.c,176 :: 		LED_JAUNE = 0;
0x0285	0x1007      	BCF        RC0_bit, BitPos(RC0_bit+0)
;sys.c,177 :: 		MOTOR1 = 0;
0x0286	0x1085      	BCF        RA1_bit, BitPos(RA1_bit+0)
;sys.c,178 :: 		MOTOR2 = 0;
0x0287	0x1105      	BCF        RA2_bit, BitPos(RA2_bit+0)
;sys.c,179 :: 		BUZZER = 0;
0x0288	0x1005      	BCF        RA0_bit, BitPos(RA0_bit+0)
;sys.c,187 :: 		while (1) {
L_main12:
0x0289	0x1283      	BCF        STATUS, 5
;sys.c,189 :: 		if (TMR0==255 ){
0x028A	0x0801      	MOVF       TMR0, 0
0x028B	0x3AFF      	XORLW      255
0x028C	0x1D03      	BTFSS      STATUS, 2
0x028D	0x2AB3      	GOTO       L_main14
;sys.c,191 :: 		Lcd_Cmd(_LCD_CLEAR);
0x028E	0x3001      	MOVLW      1
0x028F	0x1703      	BSF        STATUS, 6
0x0290	0x00B8      	MOVWF      FARG_Lcd_Cmd_out_char
0x0291	0x2097      	CALL       _Lcd_Cmd
;sys.c,192 :: 		Lcd_Out(1, 1, "confirmez");
0x0292	0x3001      	MOVLW      1
0x0293	0x1703      	BSF        STATUS, 6
0x0294	0x00AA      	MOVWF      FARG_Lcd_Out_row
0x0295	0x3001      	MOVLW      1
0x0296	0x00AB      	MOVWF      FARG_Lcd_Out_column
0x0297	0x3053      	MOVLW      ?lstr1_sys
0x0298	0x00AC      	MOVWF      FARG_Lcd_Out_text
0x0299	0x215D      	CALL       _Lcd_Out
;sys.c,193 :: 		Lcd_Out(2, 1, "re");
0x029A	0x3002      	MOVLW      2
0x029B	0x1703      	BSF        STATUS, 6
0x029C	0x00AA      	MOVWF      FARG_Lcd_Out_row
0x029D	0x3001      	MOVLW      1
0x029E	0x00AB      	MOVWF      FARG_Lcd_Out_column
0x029F	0x305D      	MOVLW      ?lstr2_sys
0x02A0	0x00AC      	MOVWF      FARG_Lcd_Out_text
0x02A1	0x215D      	CALL       _Lcd_Out
;sys.c,195 :: 		Delay_ms(100);
0x02A2	0x3002      	MOVLW      2
0x02A3	0x00FB      	MOVWF      R11
0x02A4	0x3004      	MOVLW      4
0x02A5	0x00FC      	MOVWF      R12
0x02A6	0x30BA      	MOVLW      186
0x02A7	0x00FD      	MOVWF      R13
L_main15:
0x02A8	0x0BFD      	DECFSZ     R13, 1
0x02A9	0x2AA8      	GOTO       L_main15
0x02AA	0x0BFC      	DECFSZ     R12, 1
0x02AB	0x2AA8      	GOTO       L_main15
0x02AC	0x0BFB      	DECFSZ     R11, 1
0x02AD	0x2AA8      	GOTO       L_main15
0x02AE	0x0000      	NOP
;sys.c,196 :: 		Lcd_Cmd(_LCD_CLEAR);
0x02AF	0x3001      	MOVLW      1
0x02B0	0x1703      	BSF        STATUS, 6
0x02B1	0x00B8      	MOVWF      FARG_Lcd_Cmd_out_char
0x02B2	0x2097      	CALL       _Lcd_Cmd
;sys.c,199 :: 		}
L_main14:
;sys.c,200 :: 		if (a==1){
0x02B3	0x3000      	MOVLW      0
0x02B4	0x063A      	XORWF      _a+1, 0
0x02B5	0x1D03      	BTFSS      STATUS, 2
0x02B6	0x2AB9      	GOTO       L__main59
0x02B7	0x3001      	MOVLW      1
0x02B8	0x0639      	XORWF      _a, 0
L__main59:
0x02B9	0x1D03      	BTFSS      STATUS, 2
0x02BA	0x2AE6      	GOTO       L_main16
;sys.c,202 :: 		Lcd_Cmd(_LCD_CLEAR);
0x02BB	0x3001      	MOVLW      1
0x02BC	0x1703      	BSF        STATUS, 6
0x02BD	0x00B8      	MOVWF      FARG_Lcd_Cmd_out_char
0x02BE	0x2097      	CALL       _Lcd_Cmd
;sys.c,203 :: 		Lcd_Out(1, 1, "Reservation");
0x02BF	0x3001      	MOVLW      1
0x02C0	0x1703      	BSF        STATUS, 6
0x02C1	0x00AA      	MOVWF      FARG_Lcd_Out_row
0x02C2	0x3001      	MOVLW      1
0x02C3	0x00AB      	MOVWF      FARG_Lcd_Out_column
0x02C4	0x3023      	MOVLW      ?lstr3_sys
0x02C5	0x00AC      	MOVWF      FARG_Lcd_Out_text
0x02C6	0x215D      	CALL       _Lcd_Out
;sys.c,204 :: 		Lcd_Out(2, 1, "confirmee");
0x02C7	0x3002      	MOVLW      2
0x02C8	0x1703      	BSF        STATUS, 6
0x02C9	0x00AA      	MOVWF      FARG_Lcd_Out_row
0x02CA	0x3001      	MOVLW      1
0x02CB	0x00AB      	MOVWF      FARG_Lcd_Out_column
0x02CC	0x302F      	MOVLW      ?lstr4_sys
0x02CD	0x00AC      	MOVWF      FARG_Lcd_Out_text
0x02CE	0x215D      	CALL       _Lcd_Out
;sys.c,206 :: 		Delay_ms(100);
0x02CF	0x3002      	MOVLW      2
0x02D0	0x00FB      	MOVWF      R11
0x02D1	0x3004      	MOVLW      4
0x02D2	0x00FC      	MOVWF      R12
0x02D3	0x30BA      	MOVLW      186
0x02D4	0x00FD      	MOVWF      R13
L_main17:
0x02D5	0x0BFD      	DECFSZ     R13, 1
0x02D6	0x2AD5      	GOTO       L_main17
0x02D7	0x0BFC      	DECFSZ     R12, 1
0x02D8	0x2AD5      	GOTO       L_main17
0x02D9	0x0BFB      	DECFSZ     R11, 1
0x02DA	0x2AD5      	GOTO       L_main17
0x02DB	0x0000      	NOP
;sys.c,207 :: 		Lcd_Cmd(_LCD_CLEAR);
0x02DC	0x3001      	MOVLW      1
0x02DD	0x1703      	BSF        STATUS, 6
0x02DE	0x00B8      	MOVWF      FARG_Lcd_Cmd_out_char
0x02DF	0x2097      	CALL       _Lcd_Cmd
;sys.c,208 :: 		a=0;
0x02E0	0x01B9      	CLRF       _a
0x02E1	0x01BA      	CLRF       _a+1
;sys.c,209 :: 		cc=1;
0x02E2	0x3001      	MOVLW      1
0x02E3	0x00BB      	MOVWF      _cc
0x02E4	0x3000      	MOVLW      0
0x02E5	0x00BC      	MOVWF      _cc+1
;sys.c,211 :: 		}
L_main16:
;sys.c,212 :: 		if (b==1){
0x02E6	0x3000      	MOVLW      0
0x02E7	0x0650      	XORWF      _b+1, 0
0x02E8	0x1D03      	BTFSS      STATUS, 2
0x02E9	0x2AEC      	GOTO       L__main60
0x02EA	0x3001      	MOVLW      1
0x02EB	0x064F      	XORWF      _b, 0
L__main60:
0x02EC	0x1D03      	BTFSS      STATUS, 2
0x02ED	0x2BF2      	GOTO       L_main18
;sys.c,214 :: 		b=0;
0x02EE	0x01CF      	CLRF       _b
0x02EF	0x01D0      	CLRF       _b+1
;sys.c,215 :: 		if (reserve> 3)
0x02F0	0x3080      	MOVLW      128
0x02F1	0x00F0      	MOVWF      R0
0x02F2	0x3080      	MOVLW      128
0x02F3	0x0652      	XORWF      _reserve+1, 0
0x02F4	0x0270      	SUBWF      R0, 0
0x02F5	0x1D03      	BTFSS      STATUS, 2
0x02F6	0x2AF9      	GOTO       L__main61
0x02F7	0x0851      	MOVF       _reserve, 0
0x02F8	0x3C03      	SUBLW      3
L__main61:
0x02F9	0x1803      	BTFSC      STATUS, 0
0x02FA	0x2B1D      	GOTO       L_main19
;sys.c,217 :: 		reserve--;
0x02FB	0x3001      	MOVLW      1
0x02FC	0x02D1      	SUBWF      _reserve, 1
0x02FD	0x1C03      	BTFSS      STATUS, 0
0x02FE	0x03D2      	DECF       _reserve+1, 1
;sys.c,218 :: 		Lcd_Cmd(_LCD_CLEAR);
0x02FF	0x3001      	MOVLW      1
0x0300	0x1703      	BSF        STATUS, 6
0x0301	0x00B8      	MOVWF      FARG_Lcd_Cmd_out_char
0x0302	0x2097      	CALL       _Lcd_Cmd
;sys.c,219 :: 		Lcd_Out(1, 1, "NON Disponible ");
0x0303	0x3001      	MOVLW      1
0x0304	0x1703      	BSF        STATUS, 6
0x0305	0x00AA      	MOVWF      FARG_Lcd_Out_row
0x0306	0x3001      	MOVLW      1
0x0307	0x00AB      	MOVWF      FARG_Lcd_Out_column
0x0308	0x303F      	MOVLW      ?lstr5_sys
0x0309	0x00AC      	MOVWF      FARG_Lcd_Out_text
0x030A	0x215D      	CALL       _Lcd_Out
;sys.c,220 :: 		Delay_ms(100);
0x030B	0x3002      	MOVLW      2
0x030C	0x00FB      	MOVWF      R11
0x030D	0x3004      	MOVLW      4
0x030E	0x00FC      	MOVWF      R12
0x030F	0x30BA      	MOVLW      186
0x0310	0x00FD      	MOVWF      R13
L_main20:
0x0311	0x0BFD      	DECFSZ     R13, 1
0x0312	0x2B11      	GOTO       L_main20
0x0313	0x0BFC      	DECFSZ     R12, 1
0x0314	0x2B11      	GOTO       L_main20
0x0315	0x0BFB      	DECFSZ     R11, 1
0x0316	0x2B11      	GOTO       L_main20
0x0317	0x0000      	NOP
;sys.c,221 :: 		Lcd_Cmd(_LCD_CLEAR);
0x0318	0x3001      	MOVLW      1
0x0319	0x1703      	BSF        STATUS, 6
0x031A	0x00B8      	MOVWF      FARG_Lcd_Cmd_out_char
0x031B	0x2097      	CALL       _Lcd_Cmd
;sys.c,223 :: 		}
0x031C	0x2BF2      	GOTO       L_main21
L_main19:
;sys.c,224 :: 		else  if (reserve <=3)
0x031D	0x3080      	MOVLW      128
0x031E	0x00F0      	MOVWF      R0
0x031F	0x3080      	MOVLW      128
0x0320	0x0652      	XORWF      _reserve+1, 0
0x0321	0x0270      	SUBWF      R0, 0
0x0322	0x1D03      	BTFSS      STATUS, 2
0x0323	0x2B26      	GOTO       L__main62
0x0324	0x0851      	MOVF       _reserve, 0
0x0325	0x3C03      	SUBLW      3
L__main62:
0x0326	0x1C03      	BTFSS      STATUS, 0
0x0327	0x2BF2      	GOTO       L_main22
;sys.c,227 :: 		reserve++;
0x0328	0x0AD1      	INCF       _reserve, 1
0x0329	0x1903      	BTFSC      STATUS, 2
0x032A	0x0AD2      	INCF       _reserve+1, 1
;sys.c,229 :: 		INTCON.RBIE=1;
0x032B	0x158B      	BSF        INTCON, 3
;sys.c,230 :: 		if (reserve == 1){
0x032C	0x3000      	MOVLW      0
0x032D	0x0652      	XORWF      _reserve+1, 0
0x032E	0x1D03      	BTFSS      STATUS, 2
0x032F	0x2B32      	GOTO       L__main63
0x0330	0x3001      	MOVLW      1
0x0331	0x0651      	XORWF      _reserve, 0
L__main63:
0x0332	0x1D03      	BTFSS      STATUS, 2
0x0333	0x2B6D      	GOTO       L_main23
;sys.c,231 :: 		BORN1=1;
0x0334	0x3001      	MOVLW      1
0x0335	0x00BD      	MOVWF      _BORN1
0x0336	0x3000      	MOVLW      0
0x0337	0x00BE      	MOVWF      _BORN1+1
;sys.c,232 :: 		IntToStr(BORN1, txt);
0x0338	0x3001      	MOVLW      1
0x0339	0x1703      	BSF        STATUS, 6
0x033A	0x00AA      	MOVWF      FARG_IntToStr_input
0x033B	0x3000      	MOVLW      0
0x033C	0x00AB      	MOVWF      FARG_IntToStr_input+1
0x033D	0x3016      	MOVLW      _txt
0x033E	0x00AC      	MOVWF      FARG_IntToStr_output
0x033F	0x21EE      	CALL       _IntToStr
;sys.c,233 :: 		Lcd_Cmd(_LCD_CLEAR);
0x0340	0x3001      	MOVLW      1
0x0341	0x00B8      	MOVWF      FARG_Lcd_Cmd_out_char
0x0342	0x2097      	CALL       _Lcd_Cmd
;sys.c,234 :: 		Lcd_Out(1, 1, "Borne");
0x0343	0x3001      	MOVLW      1
0x0344	0x1703      	BSF        STATUS, 6
0x0345	0x00AA      	MOVWF      FARG_Lcd_Out_row
0x0346	0x3001      	MOVLW      1
0x0347	0x00AB      	MOVWF      FARG_Lcd_Out_column
0x0348	0x30D0      	MOVLW      ?lstr6_sys
0x0349	0x00AC      	MOVWF      FARG_Lcd_Out_text
0x034A	0x215D      	CALL       _Lcd_Out
;sys.c,235 :: 		Lcd_Out(2, 1, txt);
0x034B	0x3002      	MOVLW      2
0x034C	0x1703      	BSF        STATUS, 6
0x034D	0x00AA      	MOVWF      FARG_Lcd_Out_row
0x034E	0x3001      	MOVLW      1
0x034F	0x00AB      	MOVWF      FARG_Lcd_Out_column
0x0350	0x3016      	MOVLW      _txt
0x0351	0x00AC      	MOVWF      FARG_Lcd_Out_text
0x0352	0x215D      	CALL       _Lcd_Out
;sys.c,236 :: 		Lcd_Out(2, 8, "dispo");
0x0353	0x3002      	MOVLW      2
0x0354	0x1703      	BSF        STATUS, 6
0x0355	0x00AA      	MOVWF      FARG_Lcd_Out_row
0x0356	0x3008      	MOVLW      8
0x0357	0x00AB      	MOVWF      FARG_Lcd_Out_column
0x0358	0x30D6      	MOVLW      ?lstr7_sys
0x0359	0x00AC      	MOVWF      FARG_Lcd_Out_text
0x035A	0x215D      	CALL       _Lcd_Out
;sys.c,237 :: 		Delay_ms(100);
0x035B	0x3002      	MOVLW      2
0x035C	0x00FB      	MOVWF      R11
0x035D	0x3004      	MOVLW      4
0x035E	0x00FC      	MOVWF      R12
0x035F	0x30BA      	MOVLW      186
0x0360	0x00FD      	MOVWF      R13
L_main24:
0x0361	0x0BFD      	DECFSZ     R13, 1
0x0362	0x2B61      	GOTO       L_main24
0x0363	0x0BFC      	DECFSZ     R12, 1
0x0364	0x2B61      	GOTO       L_main24
0x0365	0x0BFB      	DECFSZ     R11, 1
0x0366	0x2B61      	GOTO       L_main24
0x0367	0x0000      	NOP
;sys.c,238 :: 		Lcd_Cmd(_LCD_CLEAR);
0x0368	0x3001      	MOVLW      1
0x0369	0x1703      	BSF        STATUS, 6
0x036A	0x00B8      	MOVWF      FARG_Lcd_Cmd_out_char
0x036B	0x2097      	CALL       _Lcd_Cmd
;sys.c,239 :: 		}
0x036C	0x2BF2      	GOTO       L_main25
L_main23:
;sys.c,240 :: 		else if (reserve == 2){
0x036D	0x3000      	MOVLW      0
0x036E	0x0652      	XORWF      _reserve+1, 0
0x036F	0x1D03      	BTFSS      STATUS, 2
0x0370	0x2B73      	GOTO       L__main64
0x0371	0x3002      	MOVLW      2
0x0372	0x0651      	XORWF      _reserve, 0
L__main64:
0x0373	0x1D03      	BTFSS      STATUS, 2
0x0374	0x2BB0      	GOTO       L_main26
;sys.c,241 :: 		BORN2=2;
0x0375	0x3002      	MOVLW      2
0x0376	0x1683      	BSF        STATUS, 5
0x0377	0x00CE      	MOVWF      _BORN2
0x0378	0x3000      	MOVLW      0
0x0379	0x00CF      	MOVWF      _BORN2+1
;sys.c,242 :: 		IntToStr(BORN2, txt);
0x037A	0x3002      	MOVLW      2
0x037B	0x1283      	BCF        STATUS, 5
0x037C	0x1703      	BSF        STATUS, 6
0x037D	0x00AA      	MOVWF      FARG_IntToStr_input
0x037E	0x3000      	MOVLW      0
0x037F	0x00AB      	MOVWF      FARG_IntToStr_input+1
0x0380	0x3016      	MOVLW      _txt
0x0381	0x00AC      	MOVWF      FARG_IntToStr_output
0x0382	0x21EE      	CALL       _IntToStr
;sys.c,243 :: 		Lcd_Cmd(_LCD_CLEAR);
0x0383	0x3001      	MOVLW      1
0x0384	0x00B8      	MOVWF      FARG_Lcd_Cmd_out_char
0x0385	0x2097      	CALL       _Lcd_Cmd
;sys.c,244 :: 		Lcd_Out(1, 1, "Borne");
0x0386	0x3001      	MOVLW      1
0x0387	0x1703      	BSF        STATUS, 6
0x0388	0x00AA      	MOVWF      FARG_Lcd_Out_row
0x0389	0x3001      	MOVLW      1
0x038A	0x00AB      	MOVWF      FARG_Lcd_Out_column
0x038B	0x30C2      	MOVLW      ?lstr8_sys
0x038C	0x00AC      	MOVWF      FARG_Lcd_Out_text
0x038D	0x215D      	CALL       _Lcd_Out
;sys.c,245 :: 		Lcd_Out(2, 1, txt);
0x038E	0x3002      	MOVLW      2
0x038F	0x1703      	BSF        STATUS, 6
0x0390	0x00AA      	MOVWF      FARG_Lcd_Out_row
0x0391	0x3001      	MOVLW      1
0x0392	0x00AB      	MOVWF      FARG_Lcd_Out_column
0x0393	0x3016      	MOVLW      _txt
0x0394	0x00AC      	MOVWF      FARG_Lcd_Out_text
0x0395	0x215D      	CALL       _Lcd_Out
;sys.c,246 :: 		Lcd_Out(2, 8, "dispo");
0x0396	0x3002      	MOVLW      2
0x0397	0x1703      	BSF        STATUS, 6
0x0398	0x00AA      	MOVWF      FARG_Lcd_Out_row
0x0399	0x3008      	MOVLW      8
0x039A	0x00AB      	MOVWF      FARG_Lcd_Out_column
0x039B	0x30C8      	MOVLW      ?lstr9_sys
0x039C	0x00AC      	MOVWF      FARG_Lcd_Out_text
0x039D	0x215D      	CALL       _Lcd_Out
;sys.c,247 :: 		Delay_ms(100);
0x039E	0x3002      	MOVLW      2
0x039F	0x00FB      	MOVWF      R11
0x03A0	0x3004      	MOVLW      4
0x03A1	0x00FC      	MOVWF      R12
0x03A2	0x30BA      	MOVLW      186
0x03A3	0x00FD      	MOVWF      R13
L_main27:
0x03A4	0x0BFD      	DECFSZ     R13, 1
0x03A5	0x2BA4      	GOTO       L_main27
0x03A6	0x0BFC      	DECFSZ     R12, 1
0x03A7	0x2BA4      	GOTO       L_main27
0x03A8	0x0BFB      	DECFSZ     R11, 1
0x03A9	0x2BA4      	GOTO       L_main27
0x03AA	0x0000      	NOP
;sys.c,248 :: 		Lcd_Cmd(_LCD_CLEAR);
0x03AB	0x3001      	MOVLW      1
0x03AC	0x1703      	BSF        STATUS, 6
0x03AD	0x00B8      	MOVWF      FARG_Lcd_Cmd_out_char
0x03AE	0x2097      	CALL       _Lcd_Cmd
;sys.c,249 :: 		}
0x03AF	0x2BF2      	GOTO       L_main28
L_main26:
;sys.c,251 :: 		else if (reserve == 3){
0x03B0	0x3000      	MOVLW      0
0x03B1	0x0652      	XORWF      _reserve+1, 0
0x03B2	0x1D03      	BTFSS      STATUS, 2
0x03B3	0x2BB6      	GOTO       L__main65
0x03B4	0x3003      	MOVLW      3
0x03B5	0x0651      	XORWF      _reserve, 0
L__main65:
0x03B6	0x1D03      	BTFSS      STATUS, 2
0x03B7	0x2BF2      	GOTO       L_main29
;sys.c,252 :: 		BORN3=3;
0x03B8	0x3003      	MOVLW      3
0x03B9	0x1683      	BSF        STATUS, 5
0x03BA	0x00DC      	MOVWF      _BORN3
0x03BB	0x3000      	MOVLW      0
0x03BC	0x00DD      	MOVWF      _BORN3+1
;sys.c,253 :: 		IntToStr(BORN3, txt);
0x03BD	0x3003      	MOVLW      3
0x03BE	0x1283      	BCF        STATUS, 5
0x03BF	0x1703      	BSF        STATUS, 6
0x03C0	0x00AA      	MOVWF      FARG_IntToStr_input
0x03C1	0x3000      	MOVLW      0
0x03C2	0x00AB      	MOVWF      FARG_IntToStr_input+1
0x03C3	0x3016      	MOVLW      _txt
0x03C4	0x00AC      	MOVWF      FARG_IntToStr_output
0x03C5	0x21EE      	CALL       _IntToStr
;sys.c,254 :: 		Lcd_Cmd(_LCD_CLEAR);
0x03C6	0x3001      	MOVLW      1
0x03C7	0x00B8      	MOVWF      FARG_Lcd_Cmd_out_char
0x03C8	0x2097      	CALL       _Lcd_Cmd
;sys.c,255 :: 		Lcd_Out(1, 1, "Borne");
0x03C9	0x3001      	MOVLW      1
0x03CA	0x1703      	BSF        STATUS, 6
0x03CB	0x00AA      	MOVWF      FARG_Lcd_Out_row
0x03CC	0x3001      	MOVLW      1
0x03CD	0x00AB      	MOVWF      FARG_Lcd_Out_column
0x03CE	0x30EA      	MOVLW      ?lstr10_sys
0x03CF	0x00AC      	MOVWF      FARG_Lcd_Out_text
0x03D0	0x215D      	CALL       _Lcd_Out
;sys.c,256 :: 		Lcd_Out(2, 1, txt);
0x03D1	0x3002      	MOVLW      2
0x03D2	0x1703      	BSF        STATUS, 6
0x03D3	0x00AA      	MOVWF      FARG_Lcd_Out_row
0x03D4	0x3001      	MOVLW      1
0x03D5	0x00AB      	MOVWF      FARG_Lcd_Out_column
0x03D6	0x3016      	MOVLW      _txt
0x03D7	0x00AC      	MOVWF      FARG_Lcd_Out_text
0x03D8	0x215D      	CALL       _Lcd_Out
;sys.c,257 :: 		Lcd_Out(2, 8, "dispo");
0x03D9	0x3002      	MOVLW      2
0x03DA	0x1703      	BSF        STATUS, 6
0x03DB	0x00AA      	MOVWF      FARG_Lcd_Out_row
0x03DC	0x3008      	MOVLW      8
0x03DD	0x00AB      	MOVWF      FARG_Lcd_Out_column
0x03DE	0x3010      	MOVLW      ?lstr11_sys
0x03DF	0x00AC      	MOVWF      FARG_Lcd_Out_text
0x03E0	0x215D      	CALL       _Lcd_Out
;sys.c,258 :: 		Delay_ms(100);
0x03E1	0x3002      	MOVLW      2
0x03E2	0x00FB      	MOVWF      R11
0x03E3	0x3004      	MOVLW      4
0x03E4	0x00FC      	MOVWF      R12
0x03E5	0x30BA      	MOVLW      186
0x03E6	0x00FD      	MOVWF      R13
L_main30:
0x03E7	0x0BFD      	DECFSZ     R13, 1
0x03E8	0x2BE7      	GOTO       L_main30
0x03E9	0x0BFC      	DECFSZ     R12, 1
0x03EA	0x2BE7      	GOTO       L_main30
0x03EB	0x0BFB      	DECFSZ     R11, 1
0x03EC	0x2BE7      	GOTO       L_main30
0x03ED	0x0000      	NOP
;sys.c,259 :: 		Lcd_Cmd(_LCD_CLEAR);
0x03EE	0x3001      	MOVLW      1
0x03EF	0x1703      	BSF        STATUS, 6
0x03F0	0x00B8      	MOVWF      FARG_Lcd_Cmd_out_char
0x03F1	0x2097      	CALL       _Lcd_Cmd
;sys.c,260 :: 		}
L_main29:
L_main28:
L_main25:
;sys.c,262 :: 		}
L_main22:
L_main21:
;sys.c,265 :: 		}
L_main18:
;sys.c,267 :: 		if (dd==1){
0x03F2	0x3000      	MOVLW      0
0x03F3	0x1683      	BSF        STATUS, 5
0x03F4	0x0669      	XORWF      _dd+1, 0
0x03F5	0x1D03      	BTFSS      STATUS, 2
0x03F6	0x2BF9      	GOTO       L__main66
0x03F7	0x3001      	MOVLW      1
0x03F8	0x0668      	XORWF      _dd, 0
L__main66:
0x03F9	0x1D03      	BTFSS      STATUS, 2
0x03FA	0x2C43      	GOTO       L_main31
;sys.c,268 :: 		dd=0;
0x03FB	0x01E8      	CLRF       _dd
0x03FC	0x01E9      	CLRF       _dd+1
;sys.c,269 :: 		cc=0;
0x03FD	0x1283      	BCF        STATUS, 5
0x03FE	0x01BB      	CLRF       _cc
0x03FF	0x01BC      	CLRF       _cc+1
;sys.c,270 :: 		ee=1;
0x0400	0x3001      	MOVLW      1
0x0401	0x1683      	BSF        STATUS, 5
0x0402	0x00DE      	MOVWF      _ee
0x0403	0x3000      	MOVLW      0
0x0404	0x00DF      	MOVWF      _ee+1
;sys.c,271 :: 		MOTOR1=1 ;
0x0405	0x1283      	BCF        STATUS, 5
0x0406	0x1485      	BSF        RA1_bit, BitPos(RA1_bit+0)
;sys.c,272 :: 		Lcd_Cmd(_LCD_CLEAR);
0x0407	0x3001      	MOVLW      1
0x0408	0x1703      	BSF        STATUS, 6
0x0409	0x00B8      	MOVWF      FARG_Lcd_Cmd_out_char
0x040A	0x2097      	CALL       _Lcd_Cmd
;sys.c,273 :: 		Lcd_Out(1, 1, "ENTREZ ");
0x040B	0x3001      	MOVLW      1
0x040C	0x1703      	BSF        STATUS, 6
0x040D	0x00AA      	MOVWF      FARG_Lcd_Out_row
0x040E	0x3001      	MOVLW      1
0x040F	0x00AB      	MOVWF      FARG_Lcd_Out_column
0x0410	0x30E0      	MOVLW      ?lstr12_sys
0x0411	0x00AC      	MOVWF      FARG_Lcd_Out_text
0x0412	0x215D      	CALL       _Lcd_Out
;sys.c,275 :: 		for (ii=0;ii<3;ii++){
0x0413	0x1683      	BSF        STATUS, 5
0x0414	0x01C0      	CLRF       _ii
0x0415	0x01C1      	CLRF       _ii+1
L_main32:
0x0416	0x3080      	MOVLW      128
0x0417	0x0641      	XORWF      _ii+1, 0
0x0418	0x00F0      	MOVWF      R0
0x0419	0x3080      	MOVLW      128
0x041A	0x0270      	SUBWF      R0, 0
0x041B	0x1D03      	BTFSS      STATUS, 2
0x041C	0x2C1F      	GOTO       L__main67
0x041D	0x3003      	MOVLW      3
0x041E	0x0240      	SUBWF      _ii, 0
L__main67:
0x041F	0x1803      	BTFSC      STATUS, 0
0x0420	0x2C3D      	GOTO       L_main33
;sys.c,276 :: 		LED_VERTE = 1;
0x0421	0x1283      	BCF        STATUS, 5
0x0422	0x1587      	BSF        RC3_bit, BitPos(RC3_bit+0)
;sys.c,277 :: 		Delay_ms(50);
0x0423	0x3082      	MOVLW      130
0x0424	0x00FC      	MOVWF      R12
0x0425	0x30DD      	MOVLW      221
0x0426	0x00FD      	MOVWF      R13
L_main35:
0x0427	0x0BFD      	DECFSZ     R13, 1
0x0428	0x2C27      	GOTO       L_main35
0x0429	0x0BFC      	DECFSZ     R12, 1
0x042A	0x2C27      	GOTO       L_main35
0x042B	0x0000      	NOP
0x042C	0x0000      	NOP
;sys.c,278 :: 		LED_VERTE = 0;
0x042D	0x1187      	BCF        RC3_bit, BitPos(RC3_bit+0)
;sys.c,279 :: 		Delay_ms(50);
0x042E	0x3082      	MOVLW      130
0x042F	0x00FC      	MOVWF      R12
0x0430	0x30DD      	MOVLW      221
0x0431	0x00FD      	MOVWF      R13
L_main36:
0x0432	0x0BFD      	DECFSZ     R13, 1
0x0433	0x2C32      	GOTO       L_main36
0x0434	0x0BFC      	DECFSZ     R12, 1
0x0435	0x2C32      	GOTO       L_main36
0x0436	0x0000      	NOP
0x0437	0x0000      	NOP
;sys.c,275 :: 		for (ii=0;ii<3;ii++){
0x0438	0x1683      	BSF        STATUS, 5
0x0439	0x0AC0      	INCF       _ii, 1
0x043A	0x1903      	BTFSC      STATUS, 2
0x043B	0x0AC1      	INCF       _ii+1, 1
;sys.c,280 :: 		}
0x043C	0x2C16      	GOTO       L_main32
L_main33:
;sys.c,281 :: 		MOTOR1=0;
0x043D	0x1283      	BCF        STATUS, 5
0x043E	0x1085      	BCF        RA1_bit, BitPos(RA1_bit+0)
;sys.c,284 :: 		Lcd_Cmd(_LCD_CLEAR);
0x043F	0x3001      	MOVLW      1
0x0440	0x1703      	BSF        STATUS, 6
0x0441	0x00B8      	MOVWF      FARG_Lcd_Cmd_out_char
0x0442	0x2097      	CALL       _Lcd_Cmd
;sys.c,285 :: 		}
L_main31:
;sys.c,287 :: 		if (ff == 1){
0x0443	0x3000      	MOVLW      0
0x0444	0x1683      	BSF        STATUS, 5
0x0445	0x0621      	XORWF      _ff+1, 0
0x0446	0x1D03      	BTFSS      STATUS, 2
0x0447	0x2C4A      	GOTO       L__main68
0x0448	0x3001      	MOVLW      1
0x0449	0x0620      	XORWF      _ff, 0
L__main68:
0x044A	0x1D03      	BTFSS      STATUS, 2
0x044B	0x2D52      	GOTO       L_main37
;sys.c,288 :: 		ff=0;
0x044C	0x01A0      	CLRF       _ff
0x044D	0x01A1      	CLRF       _ff+1
;sys.c,289 :: 		sortie=1;
0x044E	0x3001      	MOVLW      1
0x044F	0x00A2      	MOVWF      _sortie
0x0450	0x3000      	MOVLW      0
0x0451	0x00A3      	MOVWF      _sortie+1
;sys.c,290 :: 		stock++;
0x0452	0x1283      	BCF        STATUS, 5
0x0453	0x0AED      	INCF       _stock, 1
0x0454	0x1903      	BTFSC      STATUS, 2
0x0455	0x0AEE      	INCF       _stock+1, 1
;sys.c,291 :: 		reserve--;
0x0456	0x3001      	MOVLW      1
0x0457	0x02D1      	SUBWF      _reserve, 1
0x0458	0x1C03      	BTFSS      STATUS, 0
0x0459	0x03D2      	DECF       _reserve+1, 1
;sys.c,292 :: 		if (BORN1 == 1) {
0x045A	0x3000      	MOVLW      0
0x045B	0x063E      	XORWF      _BORN1+1, 0
0x045C	0x1D03      	BTFSS      STATUS, 2
0x045D	0x2C60      	GOTO       L__main69
0x045E	0x3001      	MOVLW      1
0x045F	0x063D      	XORWF      _BORN1, 0
L__main69:
0x0460	0x1D03      	BTFSS      STATUS, 2
0x0461	0x2CAA      	GOTO       L_main38
;sys.c,294 :: 		IntToStr(BORN1, txt);
0x0462	0x083D      	MOVF       _BORN1, 0
0x0463	0x1703      	BSF        STATUS, 6
0x0464	0x00AA      	MOVWF      FARG_IntToStr_input
0x0465	0x1303      	BCF        STATUS, 6
0x0466	0x083E      	MOVF       _BORN1+1, 0
0x0467	0x1703      	BSF        STATUS, 6
0x0468	0x00AB      	MOVWF      FARG_IntToStr_input+1
0x0469	0x3016      	MOVLW      _txt
0x046A	0x00AC      	MOVWF      FARG_IntToStr_output
0x046B	0x21EE      	CALL       _IntToStr
;sys.c,295 :: 		Lcd_Cmd(_LCD_CLEAR);
0x046C	0x3001      	MOVLW      1
0x046D	0x00B8      	MOVWF      FARG_Lcd_Cmd_out_char
0x046E	0x2097      	CALL       _Lcd_Cmd
;sys.c,296 :: 		Lcd_Out(1, 1, "bye ");
0x046F	0x3001      	MOVLW      1
0x0470	0x1703      	BSF        STATUS, 6
0x0471	0x00AA      	MOVWF      FARG_Lcd_Out_row
0x0472	0x3001      	MOVLW      1
0x0473	0x00AB      	MOVWF      FARG_Lcd_Out_column
0x0474	0x3060      	MOVLW      ?lstr13_sys
0x0475	0x00AC      	MOVWF      FARG_Lcd_Out_text
0x0476	0x215D      	CALL       _Lcd_Out
;sys.c,297 :: 		Lcd_Out(2, 1, "Borne :");
0x0477	0x3002      	MOVLW      2
0x0478	0x1703      	BSF        STATUS, 6
0x0479	0x00AA      	MOVWF      FARG_Lcd_Out_row
0x047A	0x3001      	MOVLW      1
0x047B	0x00AB      	MOVWF      FARG_Lcd_Out_column
0x047C	0x3065      	MOVLW      ?lstr14_sys
0x047D	0x00AC      	MOVWF      FARG_Lcd_Out_text
0x047E	0x215D      	CALL       _Lcd_Out
;sys.c,298 :: 		Lcd_Out(2, 7, txt);
0x047F	0x3002      	MOVLW      2
0x0480	0x1703      	BSF        STATUS, 6
0x0481	0x00AA      	MOVWF      FARG_Lcd_Out_row
0x0482	0x3007      	MOVLW      7
0x0483	0x00AB      	MOVWF      FARG_Lcd_Out_column
0x0484	0x3016      	MOVLW      _txt
0x0485	0x00AC      	MOVWF      FARG_Lcd_Out_text
0x0486	0x215D      	CALL       _Lcd_Out
;sys.c,299 :: 		MOTOR2=1;
0x0487	0x1505      	BSF        RA2_bit, BitPos(RA2_bit+0)
;sys.c,300 :: 		LED_VERTE = 1;
0x0488	0x1587      	BSF        RC3_bit, BitPos(RC3_bit+0)
;sys.c,301 :: 		Delay_ms(300);
0x0489	0x3004      	MOVLW      4
0x048A	0x00FB      	MOVWF      R11
0x048B	0x300C      	MOVLW      12
0x048C	0x00FC      	MOVWF      R12
0x048D	0x3033      	MOVLW      51
0x048E	0x00FD      	MOVWF      R13
L_main39:
0x048F	0x0BFD      	DECFSZ     R13, 1
0x0490	0x2C8F      	GOTO       L_main39
0x0491	0x0BFC      	DECFSZ     R12, 1
0x0492	0x2C8F      	GOTO       L_main39
0x0493	0x0BFB      	DECFSZ     R11, 1
0x0494	0x2C8F      	GOTO       L_main39
0x0495	0x0000      	NOP
0x0496	0x0000      	NOP
;sys.c,302 :: 		LED_VERTE = 0;
0x0497	0x1187      	BCF        RC3_bit, BitPos(RC3_bit+0)
;sys.c,303 :: 		MOTOR2=0;
0x0498	0x1105      	BCF        RA2_bit, BitPos(RA2_bit+0)
;sys.c,304 :: 		Delay_ms(50);
0x0499	0x3082      	MOVLW      130
0x049A	0x00FC      	MOVWF      R12
0x049B	0x30DD      	MOVLW      221
0x049C	0x00FD      	MOVWF      R13
L_main40:
0x049D	0x0BFD      	DECFSZ     R13, 1
0x049E	0x2C9D      	GOTO       L_main40
0x049F	0x0BFC      	DECFSZ     R12, 1
0x04A0	0x2C9D      	GOTO       L_main40
0x04A1	0x0000      	NOP
0x04A2	0x0000      	NOP
;sys.c,305 :: 		Lcd_Cmd(_LCD_CLEAR);
0x04A3	0x3001      	MOVLW      1
0x04A4	0x1703      	BSF        STATUS, 6
0x04A5	0x00B8      	MOVWF      FARG_Lcd_Cmd_out_char
0x04A6	0x2097      	CALL       _Lcd_Cmd
;sys.c,306 :: 		BORN1 =0;
0x04A7	0x01BD      	CLRF       _BORN1
0x04A8	0x01BE      	CLRF       _BORN1+1
;sys.c,307 :: 		}
0x04A9	0x2D52      	GOTO       L_main41
L_main38:
;sys.c,309 :: 		else if (BORN2 == 2) {
0x04AA	0x3000      	MOVLW      0
0x04AB	0x1683      	BSF        STATUS, 5
0x04AC	0x064F      	XORWF      _BORN2+1, 0
0x04AD	0x1D03      	BTFSS      STATUS, 2
0x04AE	0x2CB1      	GOTO       L__main70
0x04AF	0x3002      	MOVLW      2
0x04B0	0x064E      	XORWF      _BORN2, 0
L__main70:
0x04B1	0x1D03      	BTFSS      STATUS, 2
0x04B2	0x2CFF      	GOTO       L_main42
;sys.c,311 :: 		IntToStr(BORN2, txt);
0x04B3	0x084E      	MOVF       _BORN2, 0
0x04B4	0x1283      	BCF        STATUS, 5
0x04B5	0x1703      	BSF        STATUS, 6
0x04B6	0x00AA      	MOVWF      FARG_IntToStr_input
0x04B7	0x1683      	BSF        STATUS, 5
0x04B8	0x1303      	BCF        STATUS, 6
0x04B9	0x084F      	MOVF       _BORN2+1, 0
0x04BA	0x1283      	BCF        STATUS, 5
0x04BB	0x1703      	BSF        STATUS, 6
0x04BC	0x00AB      	MOVWF      FARG_IntToStr_input+1
0x04BD	0x3016      	MOVLW      _txt
0x04BE	0x00AC      	MOVWF      FARG_IntToStr_output
0x04BF	0x21EE      	CALL       _IntToStr
;sys.c,312 :: 		Lcd_Cmd(_LCD_CLEAR);
0x04C0	0x3001      	MOVLW      1
0x04C1	0x00B8      	MOVWF      FARG_Lcd_Cmd_out_char
0x04C2	0x2097      	CALL       _Lcd_Cmd
;sys.c,313 :: 		Lcd_Out(1, 1, "bye ");
0x04C3	0x3001      	MOVLW      1
0x04C4	0x1703      	BSF        STATUS, 6
0x04C5	0x00AA      	MOVWF      FARG_Lcd_Out_row
0x04C6	0x3001      	MOVLW      1
0x04C7	0x00AB      	MOVWF      FARG_Lcd_Out_column
0x04C8	0x30A4      	MOVLW      ?lstr15_sys
0x04C9	0x00AC      	MOVWF      FARG_Lcd_Out_text
0x04CA	0x215D      	CALL       _Lcd_Out
;sys.c,314 :: 		Lcd_Out(2, 1, "Borne :");
0x04CB	0x3002      	MOVLW      2
0x04CC	0x1703      	BSF        STATUS, 6
0x04CD	0x00AA      	MOVWF      FARG_Lcd_Out_row
0x04CE	0x3001      	MOVLW      1
0x04CF	0x00AB      	MOVWF      FARG_Lcd_Out_column
0x04D0	0x30B3      	MOVLW      ?lstr16_sys
0x04D1	0x00AC      	MOVWF      FARG_Lcd_Out_text
0x04D2	0x215D      	CALL       _Lcd_Out
;sys.c,315 :: 		Lcd_Out(2, 7, txt);
0x04D3	0x3002      	MOVLW      2
0x04D4	0x1703      	BSF        STATUS, 6
0x04D5	0x00AA      	MOVWF      FARG_Lcd_Out_row
0x04D6	0x3007      	MOVLW      7
0x04D7	0x00AB      	MOVWF      FARG_Lcd_Out_column
0x04D8	0x3016      	MOVLW      _txt
0x04D9	0x00AC      	MOVWF      FARG_Lcd_Out_text
0x04DA	0x215D      	CALL       _Lcd_Out
;sys.c,316 :: 		MOTOR2=1;
0x04DB	0x1505      	BSF        RA2_bit, BitPos(RA2_bit+0)
;sys.c,317 :: 		LED_VERTE = 1;
0x04DC	0x1587      	BSF        RC3_bit, BitPos(RC3_bit+0)
;sys.c,318 :: 		Delay_ms(300);
0x04DD	0x3004      	MOVLW      4
0x04DE	0x00FB      	MOVWF      R11
0x04DF	0x300C      	MOVLW      12
0x04E0	0x00FC      	MOVWF      R12
0x04E1	0x3033      	MOVLW      51
0x04E2	0x00FD      	MOVWF      R13
L_main43:
0x04E3	0x0BFD      	DECFSZ     R13, 1
0x04E4	0x2CE3      	GOTO       L_main43
0x04E5	0x0BFC      	DECFSZ     R12, 1
0x04E6	0x2CE3      	GOTO       L_main43
0x04E7	0x0BFB      	DECFSZ     R11, 1
0x04E8	0x2CE3      	GOTO       L_main43
0x04E9	0x0000      	NOP
0x04EA	0x0000      	NOP
;sys.c,319 :: 		LED_VERTE = 0;
0x04EB	0x1187      	BCF        RC3_bit, BitPos(RC3_bit+0)
;sys.c,320 :: 		MOTOR2=0;
0x04EC	0x1105      	BCF        RA2_bit, BitPos(RA2_bit+0)
;sys.c,321 :: 		Delay_ms(50);
0x04ED	0x3082      	MOVLW      130
0x04EE	0x00FC      	MOVWF      R12
0x04EF	0x30DD      	MOVLW      221
0x04F0	0x00FD      	MOVWF      R13
L_main44:
0x04F1	0x0BFD      	DECFSZ     R13, 1
0x04F2	0x2CF1      	GOTO       L_main44
0x04F3	0x0BFC      	DECFSZ     R12, 1
0x04F4	0x2CF1      	GOTO       L_main44
0x04F5	0x0000      	NOP
0x04F6	0x0000      	NOP
;sys.c,322 :: 		Lcd_Cmd(_LCD_CLEAR);
0x04F7	0x3001      	MOVLW      1
0x04F8	0x1703      	BSF        STATUS, 6
0x04F9	0x00B8      	MOVWF      FARG_Lcd_Cmd_out_char
0x04FA	0x2097      	CALL       _Lcd_Cmd
;sys.c,323 :: 		BORN2 =0;
0x04FB	0x1683      	BSF        STATUS, 5
0x04FC	0x01CE      	CLRF       _BORN2
0x04FD	0x01CF      	CLRF       _BORN2+1
;sys.c,324 :: 		}
0x04FE	0x2D52      	GOTO       L_main45
L_main42:
;sys.c,326 :: 		else if (BORN3 == 3) {
0x04FF	0x3000      	MOVLW      0
0x0500	0x065D      	XORWF      _BORN3+1, 0
0x0501	0x1D03      	BTFSS      STATUS, 2
0x0502	0x2D05      	GOTO       L__main71
0x0503	0x3003      	MOVLW      3
0x0504	0x065C      	XORWF      _BORN3, 0
L__main71:
0x0505	0x1D03      	BTFSS      STATUS, 2
0x0506	0x2D52      	GOTO       L_main46
;sys.c,328 :: 		IntToStr(BORN3, txt);
0x0507	0x085C      	MOVF       _BORN3, 0
0x0508	0x1283      	BCF        STATUS, 5
0x0509	0x1703      	BSF        STATUS, 6
0x050A	0x00AA      	MOVWF      FARG_IntToStr_input
0x050B	0x1683      	BSF        STATUS, 5
0x050C	0x1303      	BCF        STATUS, 6
0x050D	0x085D      	MOVF       _BORN3+1, 0
0x050E	0x1283      	BCF        STATUS, 5
0x050F	0x1703      	BSF        STATUS, 6
0x0510	0x00AB      	MOVWF      FARG_IntToStr_input+1
0x0511	0x3016      	MOVLW      _txt
0x0512	0x00AC      	MOVWF      FARG_IntToStr_output
0x0513	0x21EE      	CALL       _IntToStr
;sys.c,329 :: 		Lcd_Cmd(_LCD_CLEAR);
0x0514	0x3001      	MOVLW      1
0x0515	0x00B8      	MOVWF      FARG_Lcd_Cmd_out_char
0x0516	0x2097      	CALL       _Lcd_Cmd
;sys.c,330 :: 		Lcd_Out(1, 1, "bye ");
0x0517	0x3001      	MOVLW      1
0x0518	0x1703      	BSF        STATUS, 6
0x0519	0x00AA      	MOVWF      FARG_Lcd_Out_row
0x051A	0x3001      	MOVLW      1
0x051B	0x00AB      	MOVWF      FARG_Lcd_Out_column
0x051C	0x30BB      	MOVLW      ?lstr17_sys
0x051D	0x00AC      	MOVWF      FARG_Lcd_Out_text
0x051E	0x215D      	CALL       _Lcd_Out
;sys.c,331 :: 		Lcd_Out(2, 1, "Borne :");
0x051F	0x3002      	MOVLW      2
0x0520	0x1703      	BSF        STATUS, 6
0x0521	0x00AA      	MOVWF      FARG_Lcd_Out_row
0x0522	0x3001      	MOVLW      1
0x0523	0x00AB      	MOVWF      FARG_Lcd_Out_column
0x0524	0x30AB      	MOVLW      ?lstr18_sys
0x0525	0x00AC      	MOVWF      FARG_Lcd_Out_text
0x0526	0x215D      	CALL       _Lcd_Out
;sys.c,332 :: 		Lcd_Out(2, 7, txt);
0x0527	0x3002      	MOVLW      2
0x0528	0x1703      	BSF        STATUS, 6
0x0529	0x00AA      	MOVWF      FARG_Lcd_Out_row
0x052A	0x3007      	MOVLW      7
0x052B	0x00AB      	MOVWF      FARG_Lcd_Out_column
0x052C	0x3016      	MOVLW      _txt
0x052D	0x00AC      	MOVWF      FARG_Lcd_Out_text
0x052E	0x215D      	CALL       _Lcd_Out
;sys.c,333 :: 		MOTOR2=1;
0x052F	0x1505      	BSF        RA2_bit, BitPos(RA2_bit+0)
;sys.c,334 :: 		LED_VERTE = 1;
0x0530	0x1587      	BSF        RC3_bit, BitPos(RC3_bit+0)
;sys.c,335 :: 		Delay_ms(300);
0x0531	0x3004      	MOVLW      4
0x0532	0x00FB      	MOVWF      R11
0x0533	0x300C      	MOVLW      12
0x0534	0x00FC      	MOVWF      R12
0x0535	0x3033      	MOVLW      51
0x0536	0x00FD      	MOVWF      R13
L_main47:
0x0537	0x0BFD      	DECFSZ     R13, 1
0x0538	0x2D37      	GOTO       L_main47
0x0539	0x0BFC      	DECFSZ     R12, 1
0x053A	0x2D37      	GOTO       L_main47
0x053B	0x0BFB      	DECFSZ     R11, 1
0x053C	0x2D37      	GOTO       L_main47
0x053D	0x0000      	NOP
0x053E	0x0000      	NOP
;sys.c,336 :: 		LED_VERTE = 0;
0x053F	0x1187      	BCF        RC3_bit, BitPos(RC3_bit+0)
;sys.c,337 :: 		MOTOR2=0;
0x0540	0x1105      	BCF        RA2_bit, BitPos(RA2_bit+0)
;sys.c,338 :: 		Delay_ms(50);
0x0541	0x3082      	MOVLW      130
0x0542	0x00FC      	MOVWF      R12
0x0543	0x30DD      	MOVLW      221
0x0544	0x00FD      	MOVWF      R13
L_main48:
0x0545	0x0BFD      	DECFSZ     R13, 1
0x0546	0x2D45      	GOTO       L_main48
0x0547	0x0BFC      	DECFSZ     R12, 1
0x0548	0x2D45      	GOTO       L_main48
0x0549	0x0000      	NOP
0x054A	0x0000      	NOP
;sys.c,339 :: 		Lcd_Cmd(_LCD_CLEAR);
0x054B	0x3001      	MOVLW      1
0x054C	0x1703      	BSF        STATUS, 6
0x054D	0x00B8      	MOVWF      FARG_Lcd_Cmd_out_char
0x054E	0x2097      	CALL       _Lcd_Cmd
;sys.c,340 :: 		BORN3 =0;
0x054F	0x1683      	BSF        STATUS, 5
0x0550	0x01DC      	CLRF       _BORN3
0x0551	0x01DD      	CLRF       _BORN3+1
;sys.c,341 :: 		}
L_main46:
L_main45:
L_main41:
;sys.c,343 :: 		}
L_main37:
;sys.c,360 :: 		}
0x0552	0x2A89      	GOTO       L_main12
;sys.c,361 :: 		}
L_end_main:
0x0553	0x2D53      	GOTO       $+0
; end of _main
0x05FC	0x3023      	MOVLW      35
0x05FD	0x0084      	MOVWF      FSR
0x05FE	0x304C      	MOVLW      76
0x05FF	0x1283      	BCF        STATUS, 5
0x0600	0x1303      	BCF        STATUS, 6
0x0601	0x00F0      	MOVWF      R0
0x0602	0x30A9      	MOVLW      169
0x0603	0x1703      	BSF        STATUS, 6
0x0604	0x00A6      	MOVWF      ___DoICPAddr
0x0605	0x3005      	MOVLW      5
0x0606	0x00A7      	MOVWF      295
0x0607	0x2258      	CALL       600
0x0608	0x30A0      	MOVLW      160
0x0609	0x0084      	MOVWF      FSR
0x060A	0x3050      	MOVLW      80
0x060B	0x00F0      	MOVWF      R0
0x060C	0x3059      	MOVLW      89
0x060D	0x1703      	BSF        STATUS, 6
0x060E	0x00A6      	MOVWF      ___DoICPAddr
0x060F	0x3005      	MOVLW      5
0x0610	0x00A7      	MOVWF      295
0x0611	0x2258      	CALL       600
0x0612	0x3010      	MOVLW      272
0x0613	0x1783      	BSF        STATUS, 7
0x0614	0x0084      	MOVWF      FSR
0x0615	0x3006      	MOVLW      6
0x0616	0x00F0      	MOVWF      R0
0x0617	0x30F5      	MOVLW      245
0x0618	0x1703      	BSF        STATUS, 6
0x0619	0x00A6      	MOVWF      ___DoICPAddr
0x061A	0x3005      	MOVLW      5
0x061B	0x00A7      	MOVWF      295
0x061C	0x2258      	CALL       600
0x061D	0x1383      	BCF        STATUS, 7
0x061E	0x0008      	RETURN
;sys.c,0 :: ?ICS_ff
0x0559	0x3400 ;?ICS_ff+0
0x055A	0x3400 ;?ICS_ff+1
; end of ?ICS_ff
;sys.c,0 :: ?ICS_sortie
0x055B	0x3400 ;?ICS_sortie+0
0x055C	0x3400 ;?ICS_sortie+1
; end of ?ICS_sortie
;sys.c,0 :: ?ICS?lstr15_sys
0x055D	0x3462 ;?ICS?lstr15_sys+0
0x055E	0x3479 ;?ICS?lstr15_sys+1
0x055F	0x3465 ;?ICS?lstr15_sys+2
0x0560	0x3420 ;?ICS?lstr15_sys+3
0x0561	0x3400 ;?ICS?lstr15_sys+4
; end of ?ICS?lstr15_sys
;sys.c,0 :: ?ICS_clickst
0x0562	0x3400 ;?ICS_clickst+0
0x0563	0x3400 ;?ICS_clickst+1
; end of ?ICS_clickst
;sys.c,0 :: ?ICS?lstr18_sys
0x0564	0x3442 ;?ICS?lstr18_sys+0
0x0565	0x346F ;?ICS?lstr18_sys+1
0x0566	0x3472 ;?ICS?lstr18_sys+2
0x0567	0x346E ;?ICS?lstr18_sys+3
0x0568	0x3465 ;?ICS?lstr18_sys+4
0x0569	0x3420 ;?ICS?lstr18_sys+5
0x056A	0x343A ;?ICS?lstr18_sys+6
0x056B	0x3400 ;?ICS?lstr18_sys+7
; end of ?ICS?lstr18_sys
;sys.c,0 :: ?ICS?lstr16_sys
0x056C	0x3442 ;?ICS?lstr16_sys+0
0x056D	0x346F ;?ICS?lstr16_sys+1
0x056E	0x3472 ;?ICS?lstr16_sys+2
0x056F	0x346E ;?ICS?lstr16_sys+3
0x0570	0x3465 ;?ICS?lstr16_sys+4
0x0571	0x3420 ;?ICS?lstr16_sys+5
0x0572	0x343A ;?ICS?lstr16_sys+6
0x0573	0x3400 ;?ICS?lstr16_sys+7
; end of ?ICS?lstr16_sys
;sys.c,0 :: ?ICS?lstr17_sys
0x0574	0x3462 ;?ICS?lstr17_sys+0
0x0575	0x3479 ;?ICS?lstr17_sys+1
0x0576	0x3465 ;?ICS?lstr17_sys+2
0x0577	0x3420 ;?ICS?lstr17_sys+3
0x0578	0x3400 ;?ICS?lstr17_sys+4
; end of ?ICS?lstr17_sys
;sys.c,0 :: ?ICS_ii
0x0579	0x3400 ;?ICS_ii+0
0x057A	0x3400 ;?ICS_ii+1
; end of ?ICS_ii
;sys.c,0 :: ?ICS?lstr8_sys
0x057B	0x3442 ;?ICS?lstr8_sys+0
0x057C	0x346F ;?ICS?lstr8_sys+1
0x057D	0x3472 ;?ICS?lstr8_sys+2
0x057E	0x346E ;?ICS?lstr8_sys+3
0x057F	0x3465 ;?ICS?lstr8_sys+4
0x0580	0x3400 ;?ICS?lstr8_sys+5
; end of ?ICS?lstr8_sys
;sys.c,0 :: ?ICS?lstr9_sys
0x0581	0x3464 ;?ICS?lstr9_sys+0
0x0582	0x3469 ;?ICS?lstr9_sys+1
0x0583	0x3473 ;?ICS?lstr9_sys+2
0x0584	0x3470 ;?ICS?lstr9_sys+3
0x0585	0x346F ;?ICS?lstr9_sys+4
0x0586	0x3400 ;?ICS?lstr9_sys+5
; end of ?ICS?lstr9_sys
;sys.c,0 :: ?ICS_BORN2
0x0587	0x3400 ;?ICS_BORN2+0
0x0588	0x3400 ;?ICS_BORN2+1
; end of ?ICS_BORN2
;sys.c,0 :: ?ICS?lstr6_sys
0x0589	0x3442 ;?ICS?lstr6_sys+0
0x058A	0x346F ;?ICS?lstr6_sys+1
0x058B	0x3472 ;?ICS?lstr6_sys+2
0x058C	0x346E ;?ICS?lstr6_sys+3
0x058D	0x3465 ;?ICS?lstr6_sys+4
0x058E	0x3400 ;?ICS?lstr6_sys+5
; end of ?ICS?lstr6_sys
;sys.c,0 :: ?ICS?lstr7_sys
0x058F	0x3464 ;?ICS?lstr7_sys+0
0x0590	0x3469 ;?ICS?lstr7_sys+1
0x0591	0x3473 ;?ICS?lstr7_sys+2
0x0592	0x3470 ;?ICS?lstr7_sys+3
0x0593	0x346F ;?ICS?lstr7_sys+4
0x0594	0x3400 ;?ICS?lstr7_sys+5
; end of ?ICS?lstr7_sys
;sys.c,0 :: ?ICS_BORN3
0x0595	0x3400 ;?ICS_BORN3+0
0x0596	0x3400 ;?ICS_BORN3+1
; end of ?ICS_BORN3
;sys.c,0 :: ?ICS_ee
0x0597	0x3400 ;?ICS_ee+0
0x0598	0x3400 ;?ICS_ee+1
; end of ?ICS_ee
;sys.c,0 :: ?ICS?lstr12_sys
0x0599	0x3445 ;?ICS?lstr12_sys+0
0x059A	0x344E ;?ICS?lstr12_sys+1
0x059B	0x3454 ;?ICS?lstr12_sys+2
0x059C	0x3452 ;?ICS?lstr12_sys+3
0x059D	0x3445 ;?ICS?lstr12_sys+4
0x059E	0x345A ;?ICS?lstr12_sys+5
0x059F	0x3420 ;?ICS?lstr12_sys+6
0x05A0	0x3400 ;?ICS?lstr12_sys+7
; end of ?ICS?lstr12_sys
;sys.c,0 :: ?ICS_dd
0x05A1	0x3400 ;?ICS_dd+0
0x05A2	0x3400 ;?ICS_dd+1
; end of ?ICS_dd
;sys.c,0 :: ?ICS?lstr10_sys
0x05A3	0x3442 ;?ICS?lstr10_sys+0
0x05A4	0x346F ;?ICS?lstr10_sys+1
0x05A5	0x3472 ;?ICS?lstr10_sys+2
0x05A6	0x346E ;?ICS?lstr10_sys+3
0x05A7	0x3465 ;?ICS?lstr10_sys+4
0x05A8	0x3400 ;?ICS?lstr10_sys+5
; end of ?ICS?lstr10_sys
;sys.c,0 :: ?ICS?lstr3_sys
0x05A9	0x3452 ;?ICS?lstr3_sys+0
0x05AA	0x3465 ;?ICS?lstr3_sys+1
0x05AB	0x3473 ;?ICS?lstr3_sys+2
0x05AC	0x3465 ;?ICS?lstr3_sys+3
0x05AD	0x3472 ;?ICS?lstr3_sys+4
0x05AE	0x3476 ;?ICS?lstr3_sys+5
0x05AF	0x3461 ;?ICS?lstr3_sys+6
0x05B0	0x3474 ;?ICS?lstr3_sys+7
0x05B1	0x3469 ;?ICS?lstr3_sys+8
0x05B2	0x346F ;?ICS?lstr3_sys+9
0x05B3	0x346E ;?ICS?lstr3_sys+10
0x05B4	0x3400 ;?ICS?lstr3_sys+11
; end of ?ICS?lstr3_sys
;sys.c,0 :: ?ICS?lstr4_sys
0x05B5	0x3463 ;?ICS?lstr4_sys+0
0x05B6	0x346F ;?ICS?lstr4_sys+1
0x05B7	0x346E ;?ICS?lstr4_sys+2
0x05B8	0x3466 ;?ICS?lstr4_sys+3
0x05B9	0x3469 ;?ICS?lstr4_sys+4
0x05BA	0x3472 ;?ICS?lstr4_sys+5
0x05BB	0x346D ;?ICS?lstr4_sys+6
0x05BC	0x3465 ;?ICS?lstr4_sys+7
0x05BD	0x3465 ;?ICS?lstr4_sys+8
0x05BE	0x3400 ;?ICS?lstr4_sys+9
; end of ?ICS?lstr4_sys
;sys.c,0 :: ?ICS_a
0x05BF	0x3400 ;?ICS_a+0
0x05C0	0x3400 ;?ICS_a+1
; end of ?ICS_a
;sys.c,0 :: ?ICS_cc
0x05C1	0x3400 ;?ICS_cc+0
0x05C2	0x3400 ;?ICS_cc+1
; end of ?ICS_cc
;sys.c,0 :: ?ICS_BORN1
0x05C3	0x3400 ;?ICS_BORN1+0
0x05C4	0x3400 ;?ICS_BORN1+1
; end of ?ICS_BORN1
;sys.c,0 :: ?ICS?lstr5_sys
0x05C5	0x344E ;?ICS?lstr5_sys+0
0x05C6	0x344F ;?ICS?lstr5_sys+1
0x05C7	0x344E ;?ICS?lstr5_sys+2
0x05C8	0x3420 ;?ICS?lstr5_sys+3
0x05C9	0x3444 ;?ICS?lstr5_sys+4
0x05CA	0x3469 ;?ICS?lstr5_sys+5
0x05CB	0x3473 ;?ICS?lstr5_sys+6
0x05CC	0x3470 ;?ICS?lstr5_sys+7
0x05CD	0x346F ;?ICS?lstr5_sys+8
0x05CE	0x346E ;?ICS?lstr5_sys+9
0x05CF	0x3469 ;?ICS?lstr5_sys+10
0x05D0	0x3462 ;?ICS?lstr5_sys+11
0x05D1	0x346C ;?ICS?lstr5_sys+12
0x05D2	0x3465 ;?ICS?lstr5_sys+13
0x05D3	0x3420 ;?ICS?lstr5_sys+14
0x05D4	0x3400 ;?ICS?lstr5_sys+15
; end of ?ICS?lstr5_sys
;sys.c,0 :: ?ICS_b
0x05D5	0x3400 ;?ICS_b+0
0x05D6	0x3400 ;?ICS_b+1
; end of ?ICS_b
;sys.c,0 :: ?ICS_reserve
0x05D7	0x3400 ;?ICS_reserve+0
0x05D8	0x3400 ;?ICS_reserve+1
; end of ?ICS_reserve
;sys.c,0 :: ?ICS?lstr1_sys
0x05D9	0x3463 ;?ICS?lstr1_sys+0
0x05DA	0x346F ;?ICS?lstr1_sys+1
0x05DB	0x346E ;?ICS?lstr1_sys+2
0x05DC	0x3466 ;?ICS?lstr1_sys+3
0x05DD	0x3469 ;?ICS?lstr1_sys+4
0x05DE	0x3472 ;?ICS?lstr1_sys+5
0x05DF	0x346D ;?ICS?lstr1_sys+6
0x05E0	0x3465 ;?ICS?lstr1_sys+7
0x05E1	0x347A ;?ICS?lstr1_sys+8
0x05E2	0x3400 ;?ICS?lstr1_sys+9
; end of ?ICS?lstr1_sys
;sys.c,0 :: ?ICS?lstr2_sys
0x05E3	0x3472 ;?ICS?lstr2_sys+0
0x05E4	0x3465 ;?ICS?lstr2_sys+1
0x05E5	0x3400 ;?ICS?lstr2_sys+2
; end of ?ICS?lstr2_sys
;sys.c,0 :: ?ICS?lstr13_sys
0x05E6	0x3462 ;?ICS?lstr13_sys+0
0x05E7	0x3479 ;?ICS?lstr13_sys+1
0x05E8	0x3465 ;?ICS?lstr13_sys+2
0x05E9	0x3420 ;?ICS?lstr13_sys+3
0x05EA	0x3400 ;?ICS?lstr13_sys+4
; end of ?ICS?lstr13_sys
;sys.c,0 :: ?ICS?lstr14_sys
0x05EB	0x3442 ;?ICS?lstr14_sys+0
0x05EC	0x346F ;?ICS?lstr14_sys+1
0x05ED	0x3472 ;?ICS?lstr14_sys+2
0x05EE	0x346E ;?ICS?lstr14_sys+3
0x05EF	0x3465 ;?ICS?lstr14_sys+4
0x05F0	0x3420 ;?ICS?lstr14_sys+5
0x05F1	0x343A ;?ICS?lstr14_sys+6
0x05F2	0x3400 ;?ICS?lstr14_sys+7
; end of ?ICS?lstr14_sys
;sys.c,0 :: ?ICS_stock
0x05F3	0x3400 ;?ICS_stock+0
0x05F4	0x3400 ;?ICS_stock+1
; end of ?ICS_stock
;sys.c,0 :: ?ICS?lstr11_sys
0x05F5	0x3464 ;?ICS?lstr11_sys+0
0x05F6	0x3469 ;?ICS?lstr11_sys+1
0x05F7	0x3473 ;?ICS?lstr11_sys+2
0x05F8	0x3470 ;?ICS?lstr11_sys+3
0x05F9	0x346F ;?ICS?lstr11_sys+4
0x05FA	0x3400 ;?ICS?lstr11_sys+5
; end of ?ICS?lstr11_sys
Symbol List:
//** Routines locations **
//ADDRESS    SIZE    PROCEDURE
//----------------------------------------------
0x0004     [124]    _interrupt
0x0080      [13]    _Delay_5500us
0x008D       [3]    _Delay_1us
0x0090       [7]    _Delay_50us
0x0097      [87]    _Lcd_Cmd
0x00EE      [29]    _Div_16X16_U
0x010B       [7]    _____DoICP
0x0112       [9]    _Lcd_Chr_CP
0x011B      [66]    _WordToStr
0x015D      [67]    _Lcd_Out
0x01A0      [78]    _Lcd_Init
0x01EE     [106]    _IntToStr
0x0258      [12]    ___CC2DW
0x0264     [751]    _main
//** Variables locations ** 
//ADDRESS    SIZE    VARIABLE
//----------------------------------------------
0x0000       [1]    INDF
0x0001       [1]    TMR0
0x0002       [1]    PCL
0x0003       [1]    STATUS
0x0004       [1]    FSR
0x0005       [0]    RA1_bit
0x0005       [0]    RA2_bit
0x0005       [0]    MOTOR2
0x0005       [0]    BUZZER
0x0005       [0]    MOTOR1
0x0005       [0]    RA0_bit
0x0006       [1]    PORTB
0x0007       [0]    RC0_bit
0x0007       [0]    LED_ROUGE
0x0007       [0]    LED_JAUNE
0x0007       [0]    LED_BLEUE
0x0007       [0]    LED_VERTE
0x0007       [0]    RC2_bit
0x0007       [0]    RC1_bit
0x0007       [0]    RC3_bit
0x0008       [0]    RD0_bit
0x0008       [0]    RD1_bit
0x0008       [0]    LCD_D5
0x0008       [0]    LCD_D7
0x0008       [0]    LCD_EN
0x0008       [0]    LCD_D4
0x0008       [0]    LCD_D6
0x0008       [0]    LCD_RS
0x0008       [0]    RD4_bit
0x0008       [0]    RD5_bit
0x0008       [0]    RD7_bit
0x0008       [0]    RD6_bit
0x000A       [1]    PCLATH
0x000B       [1]    INTCON
0x0023      [12]    ?lstr3_sys
0x002F      [10]    ?lstr4_sys
0x0039       [2]    _a
0x003B       [2]    _cc
0x003D       [2]    _BORN1
0x003F      [16]    ?lstr5_sys
0x004F       [2]    _b
0x0051       [2]    _reserve
0x0053      [10]    ?lstr1_sys
0x005D       [3]    ?lstr2_sys
0x0060       [5]    ?lstr13_sys
0x0065       [8]    ?lstr14_sys
0x006D       [2]    _stock
0x006F       [0]    __Lib_Lcd_cmd_status
0x0070       [1]    R0
0x0071       [1]    R1
0x0072       [1]    R2
0x0073       [1]    R3
0x0074       [1]    R4
0x0075       [1]    R5
0x0076       [1]    R6
0x0077       [1]    R7
0x0078       [1]    R8
0x0079       [1]    R9
0x007A       [1]    R10
0x007B       [1]    R11
0x007C       [1]    R12
0x007D       [1]    R13
0x007E       [1]    R14
0x007F       [1]    R15
0x0081       [1]    OPTION_REG
0x0085       [0]    MOTOR1_Direction
0x0085       [0]    TRISA1_bit
0x0085       [0]    TRISA2_bit
0x0085       [0]    MOTOR2_Direction
0x0085       [0]    TRISA0_bit
0x0085       [0]    BUZZER_Direction
0x0086       [0]    TRISB0_bit
0x0086       [0]    TRISB3_bit
0x0086       [0]    RESERVE_BUTTON_Direction
0x0087       [0]    TRISC0_bit
0x0087       [0]    LED_JAUNE_Direction
0x0087       [0]    TRISC2_bit
0x0087       [0]    TRISC1_bit
0x0087       [0]    TRISC3_bit
0x0087       [0]    LED_BLEUE_Direction
0x0087       [0]    LED_VERTE_Direction
0x0087       [0]    LED_ROUGE_Direction
0x0088       [0]    LCD_D6_Direction
0x0088       [0]    LCD_D5_Direction
0x0088       [0]    LCD_D4_Direction
0x0088       [0]    LCD_RS_Direction
0x0088       [0]    TRISD0_bit
0x0088       [0]    LCD_EN_Direction
0x0088       [0]    TRISD1_bit
0x0088       [0]    TRISD7_bit
0x0088       [0]    TRISD4_bit
0x0088       [0]    TRISD5_bit
0x0088       [0]    LCD_D7_Direction
0x0088       [0]    TRISD6_bit
0x00A0       [2]    _ff
0x00A2       [2]    _sortie
0x00A4       [5]    ?lstr15_sys
0x00A9       [2]    _clickst
0x00AB       [8]    ?lstr18_sys
0x00B3       [8]    ?lstr16_sys
0x00BB       [5]    ?lstr17_sys
0x00C0       [2]    _ii
0x00C2       [6]    ?lstr8_sys
0x00C8       [6]    ?lstr9_sys
0x00CE       [2]    _BORN2
0x00D0       [6]    ?lstr6_sys
0x00D6       [6]    ?lstr7_sys
0x00DC       [2]    _BORN3
0x00DE       [2]    _ee
0x00E0       [8]    ?lstr12_sys
0x00E8       [2]    _dd
0x00EA       [6]    ?lstr10_sys
0x0110       [6]    ?lstr11_sys
0x0116      [16]    _txt
0x0126       [2]    ___DoICPAddr
0x0128       [1]    ___saveSTATUS
0x0129       [1]    ___savePCLATH
0x012A       [1]    FARG_Lcd_Out_row
0x012A       [2]    FARG_IntToStr_input
0x012B       [1]    FARG_Lcd_Out_column
0x012C       [1]    FARG_Lcd_Out_text
0x012C       [1]    FARG_IntToStr_output
0x012D       [1]    Lcd_Out_i_L0
0x012D       [2]    IntToStr_i_L0
0x012F       [2]    IntToStr_negative_L0
0x0131       [2]    IntToStr_inword_L0
0x0133       [2]    FARG_WordToStr_input
0x0133       [1]    FARG_Lcd_Chr_CP_out_char
0x0135       [1]    FARG_WordToStr_output
0x0136       [1]    WordToStr_len_L0
0x0137       [1]    FLOC__WordToStr
0x0138       [1]    FARG_Lcd_Cmd_out_char
//** Constants locations ** 
//ADDRESS    SIZE    CONSTANT
//----------------------------------------------
0x0559       [2]    ?ICS_ff
0x055B       [2]    ?ICS_sortie
0x055D       [5]    ?ICS?lstr15_sys
0x0562       [2]    ?ICS_clickst
0x0564       [8]    ?ICS?lstr18_sys
0x056C       [8]    ?ICS?lstr16_sys
0x0574       [5]    ?ICS?lstr17_sys
0x0579       [2]    ?ICS_ii
0x057B       [6]    ?ICS?lstr8_sys
0x0581       [6]    ?ICS?lstr9_sys
0x0587       [2]    ?ICS_BORN2
0x0589       [6]    ?ICS?lstr6_sys
0x058F       [6]    ?ICS?lstr7_sys
0x0595       [2]    ?ICS_BORN3
0x0597       [2]    ?ICS_ee
0x0599       [8]    ?ICS?lstr12_sys
0x05A1       [2]    ?ICS_dd
0x05A3       [6]    ?ICS?lstr10_sys
0x05A9      [12]    ?ICS?lstr3_sys
0x05B5      [10]    ?ICS?lstr4_sys
0x05BF       [2]    ?ICS_a
0x05C1       [2]    ?ICS_cc
0x05C3       [2]    ?ICS_BORN1
0x05C5      [16]    ?ICS?lstr5_sys
0x05D5       [2]    ?ICS_b
0x05D7       [2]    ?ICS_reserve
0x05D9      [10]    ?ICS?lstr1_sys
0x05E3       [3]    ?ICS?lstr2_sys
0x05E6       [5]    ?ICS?lstr13_sys
0x05EB       [8]    ?ICS?lstr14_sys
0x05F3       [2]    ?ICS_stock
0x05F5       [6]    ?ICS?lstr11_sys
